#
# A fatal error has been detected by the Java Runtime Environment:
#
#  EXCEPTION_ACCESS_VIOLATION (0xc0000005) at pc=0x00007ffcdc086877, pid=7368, tid=764
#
# JRE version: Java(TM) SE Runtime Environment (8.0_66-b18) (build 1.8.0_66-b18)
# Java VM: Java HotSpot(TM) 64-Bit Server VM (25.66-b18 mixed mode windows-amd64 compressed oops)
# Problematic frame:
# C  [librdi_device.dll+0x396877]
#
# Failed to write core dump. Minidumps are not enabled by default on client versions of Windows
#
# If you would like to submit a bug report, please visit:
#   http://bugreport.java.com/bugreport/crash.jsp
# The crash happened outside the Java Virtual Machine in native code.
# See problematic frame for where to report the bug.
#

---------------  T H R E A D  ---------------

Current thread (0x0000022f8af11000):  JavaThread "AWT-EventQueue-1" [_thread_in_native, id=764, stack(0x00000047e8c00000,0x00000047e9100000)]

siginfo: ExceptionCode=0xc0000005, reading address 0x0000000000020208

Registers:
RAX=0x00001f49214513fe, RBX=0x00000007bd84a110, RCX=0x0000022f8af111f8, RDX=0x00000047e90fcac0
RSP=0x00000047e90fc9b0, RBP=0x00000047e90fcad0, RSI=0x0000022fa9f1b8b0, RDI=0x00000007bd84a140
R8 =0x0000000000020204, R9 =0x0000000000000000, R10=0x00007ffcdc086850, R11=0x0000000000000000
R12=0x0000000000000000, R13=0x00000007bd84a0a0, R14=0x00000047e90fcac0, R15=0x0000022f8af11000
RIP=0x00007ffcdc086877, EFLAGS=0x0000000000010202

Top of Stack: (sp=0x00000047e90fc9b0)
0x00000047e90fc9b0:   00000007bd84a040 00000000e065acdd
0x00000047e90fc9c0:   00000007bd84a040 0000022f8c3a4c7c
0x00000047e90fc9d0:   0000022f8af111f8 00007ff6e5cbe028
0x00000047e90fc9e0:   0000000000000011 fffffffffffffffe
0x00000047e90fc9f0:   00000007002f02c0 0000022f8db427b4
0x00000047e90fca00:   00000000e065acdd 0000022f8de5b234
0x00000047e90fca10:   0000000702869f08 00001f492145133e
0x00000047e90fca20:   0000000701f69ea0 0000022f8da881a1
0x00000047e90fca30:   0000000702869e50 0000022f8d757961
0x00000047e90fca40:   0000000000000000 0000022f8d75addc
0x00000047e90fca50:   00000000e050d3d8 00001f49214513fe
0x00000047e90fca60:   00007ff6e5cbe028 0000022f8d761d5a
0x00000047e90fca70:   00007ff6e5e8a5f8 e050d3cae0545061
0x00000047e90fca80:   00000007002f02c0 00000007e050d476
0x00000047e90fca90:   00000000e09d5a25 00000007032d66e8
0x00000047e90fcaa0:   0000000000020204 00000007bd84a000 

Instructions: (pc=0x00007ffcdc086877)
0x00007ffcdc086857:   48 c7 44 24 38 fe ff ff ff 48 8b 05 39 f7 7b 08
0x00007ffcdc086867:   48 33 c4 48 89 84 24 a8 00 00 00 48 89 4c 24 20
0x00007ffcdc086877:   41 0f b7 40 04 83 e0 0f 48 8d 0d da 32 7c 08 48
0x00007ffcdc086887:   8b 04 c1 41 8b 48 08 c1 e9 0a 81 e1 ff 03 00 00 


Register to memory mapping:

RAX=0x00001f49214513fe is an unknown value
RBX=0x00000007bd84a110 is an oop
ui.data.device.site.g 
 - klass: 'ui/data/device/site/g'
RCX=0x0000022f8af111f8 is an unknown value
RDX=0x00000047e90fcac0 is pointing into the stack for thread: 0x0000022f8af11000
RSP=0x00000047e90fc9b0 is pointing into the stack for thread: 0x0000022f8af11000
RBP=0x00000047e90fcad0 is pointing into the stack for thread: 0x0000022f8af11000
RSI=0x0000022fa9f1b8b0 is pointing into metadata
RDI=0x00000007bd84a140 is an unknown value
R8 =0x0000000000020204 is an unknown value
R9 =0x0000000000000000 is an unknown value
R10=0x00007ffcdc086850 is an unknown value
R11=0x0000000000000000 is an unknown value
R12=0x0000000000000000 is an unknown value
R13=0x00000007bd84a0a0 is an oop
ui.g.a.a.a 
 - klass: 'ui/g/a/a/a'
R14=0x00000047e90fcac0 is pointing into the stack for thread: 0x0000022f8af11000
R15=0x0000022f8af11000 is a thread


Stack: [0x00000047e8c00000,0x00000047e9100000],  sp=0x00000047e90fc9b0,  free space=5106k
Native frames: (J=compiled Java code, j=interpreted, Vv=VM code, C=native code)
C  [librdi_device.dll+0x396877]
C  0x0000022f8d761d5a

Java frames: (J=compiled Java code, j=interpreted, Vv=VM code)
J 17237  ui.data.device.devmodeli.SiteTypeConn_getNet(J)J (0 bytes) @ 0x0000022f8d761cc1 [0x0000022f8d761c80+0x41]
J 20891 C1 ui.views.m.c.a.a(Lui/data/j/c/d;Ljava/awt/Point;ZZZ)Ljava/util/ArrayList; (1663 bytes) @ 0x0000022f8ebc78ac [0x0000022f8ebba260+0xd64c]
J 20996 C1 ui.views.m.d.b.b(Lui/data/j/c/d;Ljava/awt/Point;)Lui/data/bd; (171 bytes) @ 0x0000022f8bb3fb64 [0x0000022f8bb3f960+0x204]
J 20944 C2 ui.views.m.d.b.a(Ljava/awt/Point;Lui/data/bd;Ljava/util/ArrayList;)Lui/data/bd; (940 bytes) @ 0x0000022f8d83f6f8 [0x0000022f8d83f220+0x4d8]
J 20136 C2 ui.views.m.b.a.a(Ljava/awt/Point;Lui/data/bd;Ljava/util/ArrayList;)Lui/data/bd; (60 bytes) @ 0x0000022f8bdbd794 [0x0000022f8bdbd540+0x254]
J 21175 C2 ui.views.m.b.c.a(Ljava/awt/Point;Ljava/util/ArrayList;)Lui/data/bd; (1247 bytes) @ 0x0000022f8e690920 [0x0000022f8e68f5c0+0x1360]
J 20179 C2 ui.views.floorplan.a.h.i(Ljava/awt/Point;Z)Ljava/util/ArrayList; (152 bytes) @ 0x0000022f8d4f1a38 [0x0000022f8d4f1960+0xd8]
J 21171 C2 ui.views.m.b.i.mouseMoved(Ljava/awt/event/MouseEvent;)V (202 bytes) @ 0x0000022f8d1cb060 [0x0000022f8d1ca6c0+0x9a0]
J 14113 C2 java.awt.AWTEventMulticaster.mouseMoved(Ljava/awt/event/MouseEvent;)V (27 bytes) @ 0x0000022f8bfa02d4 [0x0000022f8bfa0260+0x74]
J 17108 C2 ui.frmwork.b.i.processMouseMotionEvent(Ljava/awt/event/MouseEvent;)V (131 bytes) @ 0x0000022f8da30138 [0x0000022f8da2fce0+0x458]
J 15926 C2 java.awt.Container.processEvent(Ljava/awt/AWTEvent;)V (22 bytes) @ 0x0000022f8d623880 [0x0000022f8d6236e0+0x1a0]
J 16537 C2 java.awt.Component.dispatchEventImpl(Ljava/awt/AWTEvent;)V (883 bytes) @ 0x0000022f8df1c324 [0x0000022f8df1ba60+0x8c4]
J 21715 C1 java.awt.Container.dispatchEventImpl(Ljava/awt/AWTEvent;)V (129 bytes) @ 0x0000022f8c61357c [0x0000022f8c613440+0x13c]
J 6123 C2 java.awt.LightweightDispatcher.retargetMouseEvent(Ljava/awt/Component;ILjava/awt/event/MouseEvent;)V (350 bytes) @ 0x0000022f8c2b3d20 [0x0000022f8c2b3780+0x5a0]
j  java.awt.LightweightDispatcher.processMouseEvent(Ljava/awt/event/MouseEvent;)Z+182
J 4503 C1 java.awt.LightweightDispatcher.dispatchEvent(Ljava/awt/AWTEvent;)Z (73 bytes) @ 0x0000022f8bd178fc [0x0000022f8bd174c0+0x43c]
J 21715 C1 java.awt.Container.dispatchEventImpl(Ljava/awt/AWTEvent;)V (129 bytes) @ 0x0000022f8c61351c [0x0000022f8c613440+0xdc]
J 12466 C2 java.awt.Window.dispatchEventImpl(Ljava/awt/AWTEvent;)V (23 bytes) @ 0x0000022f8c061d8c [0x0000022f8c061d40+0x4c]
J 7623 C2 java.awt.EventQueue$3.run()Ljava/lang/Object; (5 bytes) @ 0x0000022f8c7be7bc [0x0000022f8c7be3a0+0x41c]
v  ~StubRoutines::call_stub
J 1635  java.security.AccessController.doPrivileged(Ljava/security/PrivilegedAction;Ljava/security/AccessControlContext;)Ljava/lang/Object; (0 bytes) @ 0x0000022f8b678366 [0x0000022f8b678300+0x66]
J 11668 C2 java.awt.EventQueue$4.run()Ljava/lang/Object; (5 bytes) @ 0x0000022f8bc4da74 [0x0000022f8bc4d8e0+0x194]
v  ~StubRoutines::call_stub
J 1635  java.security.AccessController.doPrivileged(Ljava/security/PrivilegedAction;Ljava/security/AccessControlContext;)Ljava/lang/Object; (0 bytes) @ 0x0000022f8b678366 [0x0000022f8b678300+0x66]
J 6092 C2 ui.frmwork.a.e.dispatchEvent(Ljava/awt/AWTEvent;)V (30 bytes) @ 0x0000022f8c29e850 [0x0000022f8c29e560+0x2f0]
J 6110 C2 java.awt.EventDispatchThread.pumpOneEventForFilters(I)V (295 bytes) @ 0x0000022f8b609900 [0x0000022f8b6096a0+0x260]
J 16482% C2 java.awt.EventDispatchThread.pumpEventsForFilter(ILjava/awt/Conditional;Ljava/awt/EventFilter;)V (47 bytes) @ 0x0000022f8bbfd540 [0x0000022f8bbfd440+0x100]
j  java.awt.EventDispatchThread.pumpEventsForHierarchy(ILjava/awt/Conditional;Ljava/awt/Component;)V+11
j  java.awt.EventDispatchThread.pumpEvents(ILjava/awt/Conditional;)V+4
j  java.awt.EventDispatchThread.pumpEvents(Ljava/awt/Conditional;)V+3
j  java.awt.EventDispatchThread.run()V+9
v  ~StubRoutines::call_stub

---------------  P R O C E S S  ---------------

Java Threads: ( => current thread )
  0x0000022ff60c4800 JavaThread "Image Fetcher 0" daemon [_thread_blocked, id=5520, stack(0x0000004a7df00000,0x0000004a7e400000)]
  0x0000022fe4e78800 JavaThread "Monitor File Timestamp" [_thread_blocked, id=8296, stack(0x0000004964600000,0x0000004964b00000)]
  0x0000022fe1d16000 JavaThread "Update Runs" [_thread_blocked, id=14844, stack(0x0000004964100000,0x0000004964600000)]
  0x0000022fe1d14000 JavaThread "Refresh Filesets" [_thread_blocked, id=9424, stack(0x0000004963c00000,0x0000004964100000)]
  0x0000022fab6c4800 JavaThread "Update Runs" [_thread_blocked, id=14588, stack(0x000000492b600000,0x000000492bb00000)]
  0x0000022fab6c6000 JavaThread "Refresh Filesets" [_thread_blocked, id=9024, stack(0x000000492b100000,0x000000492b600000)]
  0x0000022fa4201800 JavaThread "hw_ila_monitor" [_thread_blocked, id=7924, stack(0x0000004781900000,0x0000004781e00000)]
  0x0000022fa457c000 JavaThread "Swing-Shell" daemon [_thread_blocked, id=13128, stack(0x00000047eaa00000,0x00000047eaf00000)]
  0x0000022fa3248000 JavaThread "Monitor File Timestamp" [_thread_blocked, id=12592, stack(0x00000047ea000000,0x00000047ea500000)]
=>0x0000022f8af11000 JavaThread "AWT-EventQueue-1" [_thread_in_native, id=764, stack(0x00000047e8c00000,0x00000047e9100000)]
  0x0000022f8af1f000 JavaThread "Process Messages" [_thread_blocked, id=8052, stack(0x00000047e8700000,0x00000047e8c00000)]
  0x0000022f8aee3000 JavaThread "Thread-3" [_thread_in_native, id=1368, stack(0x00000047e2a00000,0x00000047e3e00000)]
  0x0000022fa4447800 JavaThread "AWT-EventQueue-0" [_thread_blocked, id=2664, stack(0x00000047e8200000,0x00000047e8700000)]
  0x0000022fa28f3000 JavaThread "AWT-Windows" daemon [_thread_in_native, id=7512, stack(0x00000047e7800000,0x00000047e7d00000)]
  0x0000022fa28f4000 JavaThread "AWT-Shutdown" [_thread_blocked, id=11752, stack(0x00000047e7300000,0x00000047e7800000)]
  0x0000022fa28f5800 JavaThread "Java2D Disposer" daemon [_thread_blocked, id=5048, stack(0x00000047e6e00000,0x00000047e7300000)]
  0x0000022fa260d800 JavaThread "TimerQueue" daemon [_thread_blocked, id=11428, stack(0x00000047e6900000,0x00000047e6e00000)]
  0x0000022fa2305800 JavaThread "Service Thread" daemon [_thread_blocked, id=8128, stack(0x00000047e6300000,0x00000047e6800000)]
  0x0000022fa22e5800 JavaThread "C1 CompilerThread3" daemon [_thread_blocked, id=10024, stack(0x00000047e6200000,0x00000047e6300000)]
  0x0000022fa22e7000 JavaThread "C2 CompilerThread2" daemon [_thread_blocked, id=13272, stack(0x00000047e6100000,0x00000047e6200000)]
  0x0000022fa22e8800 JavaThread "C2 CompilerThread1" daemon [_thread_blocked, id=10516, stack(0x00000047e6000000,0x00000047e6100000)]
  0x0000022fa22ea800 JavaThread "C2 CompilerThread0" daemon [_thread_blocked, id=11700, stack(0x00000047e5f00000,0x00000047e6000000)]
  0x0000022fa22ec000 JavaThread "Attach Listener" daemon [_thread_blocked, id=7204, stack(0x00000047e5a00000,0x00000047e5f00000)]
  0x0000022fa22ed800 JavaThread "Signal Dispatcher" daemon [_thread_blocked, id=13980, stack(0x00000047e5500000,0x00000047e5a00000)]
  0x0000022fa204b000 JavaThread "Finalizer" daemon [_thread_blocked, id=3632, stack(0x00000047e5000000,0x00000047e5500000)]
  0x0000022fa2041000 JavaThread "Reference Handler" daemon [_thread_blocked, id=13052, stack(0x00000047e4b00000,0x00000047e5000000)]
  0x0000022f8af36000 JavaThread "main" [_thread_blocked, id=10312, stack(0x00000047e4100000,0x00000047e4200000)]

Other Threads:
  0x0000022fa1fd1000 VMThread [stack: 0x00000047e4a00000,0x00000047e4b00000] [id=3968]
  0x0000022fa2567800 WatcherThread [stack: 0x00000047e6800000,0x00000047e6900000] [id=9112]

VM state:not at safepoint (normal execution)

VM Mutex/Monitor currently owned by a thread: None

Heap:
 PSYoungGen      total 49152K, used 25726K [0x00000007bc400000, 0x00000007c0000000, 0x00000007c0000000)
  eden space 36864K, 57% used [0x00000007bc400000,0x00000007bd889a38,0x00000007be800000)
  from space 12288K, 38% used [0x00000007bf400000,0x00000007bf895e58,0x00000007c0000000)
  to   space 12288K, 0% used [0x00000007be800000,0x00000007be800000,0x00000007bf400000)
 ParOldGen       total 264704K, used 105091K [0x0000000700000000, 0x0000000710280000, 0x00000007bc400000)
  object space 264704K, 39% used [0x0000000700000000,0x00000007066a0ef0,0x0000000710280000)
 Metaspace       used 69977K, capacity 70432K, committed 71128K, reserved 1110016K
  class space    used 9589K, capacity 9708K, committed 9728K, reserved 1048576K

Card table byte_map: [0x0000022f9a490000,0x0000022f9aaa0000] byte_map_base: 0x0000022f96c90000

Marking Bits: (ParMarkBitMap*) 0x0000000054caa5b0
 Begin Bits: [0x0000022f9b090000, 0x0000022f9e090000)
 End Bits:   [0x0000022f9e090000, 0x0000022fa1090000)

Polling page: 0x0000022f85290000

CodeCache: size=245760Kb used=61965Kb max_used=62138Kb free=183795Kb
 bounds [0x0000022f8b0d0000, 0x0000022f8edf0000, 0x0000022f9a0d0000]
 total_blobs=16961 nmethods=16109 adapters=758
 compilation: enabled

Compilation events (10 events):
Event: 15138.399 Thread 0x0000022fa22e5800 21711       3       ui.views.u.b.aR::a (57 bytes)
Event: 15138.399 Thread 0x0000022fa22e5800 nmethod 21711 0x0000022f8c12db90 code [0x0000022f8c12dda0, 0x0000022f8c12e7e0]
Event: 15139.679 Thread 0x0000022fa22ea800 21712       4       javax.swing.text.Utilities::getTabbedTextWidth (348 bytes)
Event: 15139.698 Thread 0x0000022fa22ea800 nmethod 21712 0x0000022f8e5a05d0 code [0x0000022f8e5a07e0, 0x0000022f8e5a1790]
Event: 15139.714 Thread 0x0000022fa22e5800 21713       3       ui.g.K::faa (38 bytes)
Event: 15139.715 Thread 0x0000022fa22e5800 nmethod 21713 0x0000022f8dc766d0 code [0x0000022f8dc768a0, 0x0000022f8dc77110]
Event: 15139.717 Thread 0x0000022fa22e5800 21714       3       ui.g.K::fab (49 bytes)
Event: 15139.718 Thread 0x0000022fa22e5800 nmethod 21714 0x0000022f8b3bfd10 code [0x0000022f8b3bff20, 0x0000022f8b3c0970]
Event: 15139.734 Thread 0x0000022fa22e5800 21715   !   3       java.awt.Container::dispatchEventImpl (129 bytes)
Event: 15139.734 Thread 0x0000022fa22e5800 nmethod 21715 0x0000022f8c613250 code [0x0000022f8c613440, 0x0000022f8c613f60]

GC Heap History (10 events):
Event: 15118.901 GC heap before
{Heap before GC invocations=1225 (full 238):
 PSYoungGen      total 50176K, used 26259K [0x00000007bc400000, 0x00000007c0000000, 0x00000007c0000000)
  eden space 38912K, 45% used [0x00000007bc400000,0x00000007bd5598f8,0x00000007bea00000)
  from space 11264K, 75% used [0x00000007bf500000,0x00000007bfd4b4a0,0x00000007c0000000)
  to   space 11264K, 0% used [0x00000007bea00000,0x00000007bea00000,0x00000007bf500000)
 ParOldGen       total 264704K, used 101749K [0x0000000700000000, 0x0000000710280000, 0x00000007bc400000)
  object space 264704K, 38% used [0x0000000700000000,0x000000070635d510,0x0000000710280000)
 Metaspace       used 69895K, capacity 70272K, committed 70872K, reserved 1110016K
  class space    used 9557K, capacity 9676K, committed 9728K, reserved 1048576K
Event: 15118.913 GC heap after
Heap after GC invocations=1225 (full 238):
 PSYoungGen      total 49152K, used 10212K [0x00000007bc400000, 0x00000007c0000000, 0x00000007c0000000)
  eden space 38912K, 0% used [0x00000007bc400000,0x00000007bc400000,0x00000007bea00000)
  from space 10240K, 99% used [0x00000007bea00000,0x00000007bf3f91b0,0x00000007bf400000)
  to   space 12288K, 0% used [0x00000007bf400000,0x00000007bf400000,0x00000007c0000000)
 ParOldGen       total 264704K, used 101886K [0x0000000700000000, 0x0000000710280000, 0x00000007bc400000)
  object space 264704K, 38% used [0x0000000700000000,0x000000070637fa58,0x0000000710280000)
 Metaspace       used 69895K, capacity 70272K, committed 70872K, reserved 1110016K
  class space    used 9557K, capacity 9676K, committed 9728K, reserved 1048576K
}
Event: 15118.913 GC heap before
{Heap before GC invocations=1226 (full 239):
 PSYoungGen      total 49152K, used 10212K [0x00000007bc400000, 0x00000007c0000000, 0x00000007c0000000)
  eden space 38912K, 0% used [0x00000007bc400000,0x00000007bc400000,0x00000007bea00000)
  from space 10240K, 99% used [0x00000007bea00000,0x00000007bf3f91b0,0x00000007bf400000)
  to   space 12288K, 0% used [0x00000007bf400000,0x00000007bf400000,0x00000007c0000000)
 ParOldGen       total 264704K, used 101886K [0x0000000700000000, 0x0000000710280000, 0x00000007bc400000)
  object space 264704K, 38% used [0x0000000700000000,0x000000070637fa58,0x0000000710280000)
 Metaspace       used 69895K, capacity 70272K, committed 70872K, reserved 1110016K
  class space    used 9557K, capacity 9676K, committed 9728K, reserved 1048576K
Event: 15119.383 GC heap after
Heap after GC invocations=1226 (full 239):
 PSYoungGen      total 49152K, used 0K [0x00000007bc400000, 0x00000007c0000000, 0x00000007c0000000)
  eden space 38912K, 0% used [0x00000007bc400000,0x00000007bc400000,0x00000007bea00000)
  from space 10240K, 0% used [0x00000007bea00000,0x00000007bea00000,0x00000007bf400000)
  to   space 12288K, 0% used [0x00000007bf400000,0x00000007bf400000,0x00000007c0000000)
 ParOldGen       total 264704K, used 105091K [0x0000000700000000, 0x0000000710280000, 0x00000007bc400000)
  object space 264704K, 39% used [0x0000000700000000,0x00000007066a0ef0,0x0000000710280000)
 Metaspace       used 69895K, capacity 70272K, committed 70872K, reserved 1110016K
  class space    used 9557K, capacity 9676K, committed 9728K, reserved 1048576K
}
Event: 15125.899 GC heap before
{Heap before GC invocations=1227 (full 239):
 PSYoungGen      total 49152K, used 38912K [0x00000007bc400000, 0x00000007c0000000, 0x00000007c0000000)
  eden space 38912K, 100% used [0x00000007bc400000,0x00000007bea00000,0x00000007bea00000)
  from space 10240K, 0% used [0x00000007bea00000,0x00000007bea00000,0x00000007bf400000)
  to   space 12288K, 0% used [0x00000007bf400000,0x00000007bf400000,0x00000007c0000000)
 ParOldGen       total 264704K, used 105091K [0x0000000700000000, 0x0000000710280000, 0x00000007bc400000)
  object space 264704K, 39% used [0x0000000700000000,0x00000007066a0ef0,0x0000000710280000)
 Metaspace       used 69897K, capacity 70272K, committed 70872K, reserved 1110016K
  class space    used 9557K, capacity 9676K, committed 9728K, reserved 1048576K
Event: 15125.914 GC heap after
Heap after GC invocations=1227 (full 239):
 PSYoungGen      total 49152K, used 4682K [0x00000007bc400000, 0x00000007c0000000, 0x00000007c0000000)
  eden space 36864K, 0% used [0x00000007bc400000,0x00000007bc400000,0x00000007be800000)
  from space 12288K, 38% used [0x00000007bf400000,0x00000007bf8928e0,0x00000007c0000000)
  to   space 12288K, 0% used [0x00000007be800000,0x00000007be800000,0x00000007bf400000)
 ParOldGen       total 264704K, used 105091K [0x0000000700000000, 0x0000000710280000, 0x00000007bc400000)
  object space 264704K, 39% used [0x0000000700000000,0x00000007066a0ef0,0x0000000710280000)
 Metaspace       used 69897K, capacity 70272K, committed 70872K, reserved 1110016K
  class space    used 9557K, capacity 9676K, committed 9728K, reserved 1048576K
}
Event: 15133.411 GC heap before
{Heap before GC invocations=1228 (full 239):
 PSYoungGen      total 49152K, used 41546K [0x00000007bc400000, 0x00000007c0000000, 0x00000007c0000000)
  eden space 36864K, 100% used [0x00000007bc400000,0x00000007be800000,0x00000007be800000)
  from space 12288K, 38% used [0x00000007bf400000,0x00000007bf8928e0,0x00000007c0000000)
  to   space 12288K, 0% used [0x00000007be800000,0x00000007be800000,0x00000007bf400000)
 ParOldGen       total 264704K, used 105091K [0x0000000700000000, 0x0000000710280000, 0x00000007bc400000)
  object space 264704K, 39% used [0x0000000700000000,0x00000007066a0ef0,0x0000000710280000)
 Metaspace       used 69903K, capacity 70272K, committed 70872K, reserved 1110016K
  class space    used 9557K, capacity 9676K, committed 9728K, reserved 1048576K
Event: 15133.419 GC heap after
Heap after GC invocations=1228 (full 239):
 PSYoungGen      total 49152K, used 3402K [0x00000007bc400000, 0x00000007c0000000, 0x00000007c0000000)
  eden space 36864K, 0% used [0x00000007bc400000,0x00000007bc400000,0x00000007be800000)
  from space 12288K, 27% used [0x00000007be800000,0x00000007beb528b8,0x00000007bf400000)
  to   space 12288K, 0% used [0x00000007bf400000,0x00000007bf400000,0x00000007c0000000)
 ParOldGen       total 264704K, used 105091K [0x0000000700000000, 0x0000000710280000, 0x00000007bc400000)
  object space 264704K, 39% used [0x0000000700000000,0x00000007066a0ef0,0x0000000710280000)
 Metaspace       used 69903K, capacity 70272K, committed 70872K, reserved 1110016K
  class space    used 9557K, capacity 9676K, committed 9728K, reserved 1048576K
}
Event: 15135.857 GC heap before
{Heap before GC invocations=1229 (full 239):
 PSYoungGen      total 49152K, used 40266K [0x00000007bc400000, 0x00000007c0000000, 0x00000007c0000000)
  eden space 36864K, 100% used [0x00000007bc400000,0x00000007be800000,0x00000007be800000)
  from space 12288K, 27% used [0x00000007be800000,0x00000007beb528b8,0x00000007bf400000)
  to   space 12288K, 0% used [0x00000007bf400000,0x00000007bf400000,0x00000007c0000000)
 ParOldGen       total 264704K, used 105091K [0x0000000700000000, 0x0000000710280000, 0x00000007bc400000)
  object space 264704K, 39% used [0x0000000700000000,0x00000007066a0ef0,0x0000000710280000)
 Metaspace       used 69977K, capacity 70432K, committed 71128K, reserved 1110016K
  class space    used 9589K, capacity 9708K, committed 9728K, reserved 1048576K
Event: 15135.869 GC heap after
Heap after GC invocations=1229 (full 239):
 PSYoungGen      total 49152K, used 4695K [0x00000007bc400000, 0x00000007c0000000, 0x00000007c0000000)
  eden space 36864K, 0% used [0x00000007bc400000,0x00000007bc400000,0x00000007be800000)
  from space 12288K, 38% used [0x00000007bf400000,0x00000007bf895e58,0x00000007c0000000)
  to   space 12288K, 0% used [0x00000007be800000,0x00000007be800000,0x00000007bf400000)
 ParOldGen       total 264704K, used 105091K [0x0000000700000000, 0x0000000710280000, 0x00000007bc400000)
  object space 264704K, 39% used [0x0000000700000000,0x00000007066a0ef0,0x0000000710280000)
 Metaspace       used 69977K, capacity 70432K, committed 71128K, reserved 1110016K
  class space    used 9589K, capacity 9708K, committed 9728K, reserved 1048576K
}

Deoptimization events (10 events):
Event: 15127.054 Thread 0x0000022f8af11000 Uncommon trap: reason=unstable_if action=reinterpret pc=0x0000022f8b6d9a80 method=com.jidesoft.swing.JideBoxLayout.calculateComponentSizes(III)Z @ 270
Event: 15135.336 Thread 0x0000022f8af11000 Uncommon trap: reason=unstable_if action=reinterpret pc=0x0000022f8b36d840 method=java.lang.Throwable.getOurStackTrace()[Ljava/lang/StackTraceElement; @ 7
Event: 15135.359 Thread 0x0000022f8af11000 Uncommon trap: reason=unstable_if action=reinterpret pc=0x0000022f8cfc1e88 method=ui.g.m.ak.f(Ljava/lang/String;Ljava/lang/String;Lui/frmwork/e/a;)Ljava/lang/String; @ 32
Event: 15135.364 Thread 0x0000022f8af11000 Uncommon trap: reason=unstable_if action=reinterpret pc=0x0000022f8e62fbf0 method=javax.swing.text.PlainDocument.insertUpdate(Ljavax/swing/text/AbstractDocument$DefaultDocumentEvent;Ljavax/swing/text/AttributeSet;)V @ 218
Event: 15135.364 Thread 0x0000022f8af11000 Uncommon trap: reason=unstable_if action=reinterpret pc=0x0000022f8b3991f8 method=javax.swing.text.Utilities.getTabbedTextWidth(Ljavax/swing/text/View;Ljavax/swing/text/Segment;Ljava/awt/FontMetrics;ILjavax/swing/text/TabExpander;I[I)I @ 132
Event: 15135.374 Thread 0x0000022f8af11000 Uncommon trap: reason=unstable_if action=reinterpret pc=0x0000022f8cfeec38 method=javax.swing.plaf.basic.BasicLabelUI.getMinimumSize(Ljavax/swing/JComponent;)Ljava/awt/Dimension; @ 17
Event: 15135.467 Thread 0x0000022f8af11000 Uncommon trap: reason=bimorphic action=maybe_recompile pc=0x0000022f8c9ea298 method=java.awt.DefaultKeyboardFocusManager.dispatchEvent(Ljava/awt/AWTEvent;)Z @ 1440
Event: 15135.470 Thread 0x0000022f8af11000 Uncommon trap: reason=unstable_if action=reinterpret pc=0x0000022f8c1c6ae0 method=javax.swing.text.Utilities.drawTabbedText(Ljavax/swing/text/View;Ljavax/swing/text/Segment;IILjava/awt/Graphics;Ljavax/swing/text/TabExpander;I[I)I @ 335
Event: 15135.487 Thread 0x0000022f8af11000 Uncommon trap: reason=unstable_if action=reinterpret pc=0x0000022f8d797608 method=ui.views.u.b.ao.a(Lui/views/u/b/ao;I)Ljava/lang/String; @ 132
Event: 15139.076 Thread 0x0000022f8af11000 Uncommon trap: reason=unstable_if action=reinterpret pc=0x0000022f8b9098c8 method=java.awt.Container.dispatchEventImpl(Ljava/awt/AWTEvent;)V @ 26

Internal exceptions (10 events):
Event: 10040.849 Thread 0x0000022f8af11000 Implicit null exception at 0x0000022f8c60822c to 0x0000022f8c6084c9
Event: 14401.803 Thread 0x0000022f8af11000 Implicit null exception at 0x0000022f8ead5754 to 0x0000022f8ead5df9
Event: 14401.804 Thread 0x0000022f8af11000 Implicit null exception at 0x0000022f8e96450c to 0x0000022f8e968f69
Event: 14401.804 Thread 0x0000022f8af11000 Implicit null exception at 0x0000022f8eb1edf4 to 0x0000022f8eb1f0b9
Event: 14401.805 Thread 0x0000022f8af11000 Implicit null exception at 0x0000022f8ebffae0 to 0x0000022f8ec038a1
Event: 15135.308 Thread 0x0000022f8af11000 Implicit null exception at 0x0000022f8ebc9327 to 0x0000022f8ebd2609
Event: 15135.308 Thread 0x0000022f8af11000 Exception <a 'java/lang/NullPointerException'> (0x00000007be523460) thrown at [C:\re\workspace\8-2-build-windows-amd64-cygwin\jdk8u66\5298\hotspot\src\share\vm\runtime\sharedRuntime.cpp, line 605]
Event: 15135.308 Thread 0x0000022f8af11000 Exception <a 'java/lang/NullPointerException'> (0x00000007be523460) thrown at [C:\re\workspace\8-2-build-windows-amd64-cygwin\jdk8u66\5298\hotspot\src\share\vm\prims\jvm.cpp, line 1390]
Event: 15135.308 Thread 0x0000022f8af11000 Exception <a 'java/lang/NullPointerException'> (0x00000007be523460) thrown at [C:\re\workspace\8-2-build-windows-amd64-cygwin\jdk8u66\5298\hotspot\src\share\vm\prims\jvm.cpp, line 1390]
Event: 15139.076 Thread 0x0000022f8af11000 Implicit null exception at 0x0000022f8b908d29 to 0x0000022f8b9098b1

Events (10 events):
Event: 15138.400 Thread 0x0000022fa22e5800 flushing nmethod 0x0000022f8c899d10
Event: 15139.076 Thread 0x0000022f8af11000 Uncommon trap: trap_request=0xffffff65 fr.pc=0x0000022f8b9098c8
Event: 15139.076 Thread 0x0000022f8af11000 DEOPT PACKING pc=0x0000022f8b9098c8 sp=0x00000047e90fb830
Event: 15139.076 Thread 0x0000022f8af11000 DEOPT UNPACKING pc=0x0000022f8b115832 sp=0x00000047e90fb838 mode 2
Event: 15139.099 Executing VM operation: BulkRevokeBias
Event: 15139.099 Executing VM operation: BulkRevokeBias done
Event: 15139.698 Thread 0x0000022fa22ea800 flushing nmethod 0x0000022f8ca408d0
Event: 15139.716 Thread 0x0000022fa22e5800 flushing nmethod 0x0000022f8cfea090
Event: 15139.717 Thread 0x0000022fa22e5800 flushing nmethod 0x0000022f8d02cf90
Event: 15139.735 Thread 0x0000022fa22e5800 flushing nmethod 0x0000022f8d685dd0


Dynamic libraries:
0x00007ff6ec610000 - 0x00007ff6ec640000 	C:\Xilinx\Vivado\2016.2\bin\unwrapped\win64.o\vivado.exe
0x00007ffd29a40000 - 0x00007ffd29c1b000 	C:\WINDOWS\SYSTEM32\ntdll.dll
0x00007ffd29790000 - 0x00007ffd2983e000 	C:\WINDOWS\System32\KERNEL32.DLL
0x00007ffd26960000 - 0x00007ffd26ba9000 	C:\WINDOWS\System32\KERNELBASE.dll
0x00007ffd197d0000 - 0x00007ffd197e3000 	C:\Xilinx\Vivado\2016.2\lib\win64.o\libboost_signals.dll
0x00007ffd0b4d0000 - 0x00007ffd0b577000 	C:\WINDOWS\SYSTEM32\MSVCP110.dll
0x00007ffd0a540000 - 0x00007ffd0a614000 	C:\WINDOWS\SYSTEM32\MSVCR110.dll
0x00007ffd184a0000 - 0x00007ffd184b1000 	C:\Xilinx\Vivado\2016.2\lib\win64.o\librdi_commonmain.dll
0x00007ffd14640000 - 0x00007ffd14664000 	C:\Xilinx\Vivado\2016.2\lib\win64.o\libboost_filesystem.dll
0x00007ffd29990000 - 0x00007ffd29a31000 	C:\WINDOWS\System32\ADVAPI32.dll
0x00007ffd296f0000 - 0x00007ffd2978d000 	C:\WINDOWS\System32\msvcrt.dll
0x00007ffd28ef0000 - 0x00007ffd28f49000 	C:\WINDOWS\System32\sechost.dll
0x00007ffd293f0000 - 0x00007ffd29515000 	C:\WINDOWS\System32\RPCRT4.dll
0x00007ffcfd7d0000 - 0x00007ffcfe210000 	C:\Xilinx\Vivado\2016.2\lib\win64.o\librdi_common.dll
0x00007ffd28cf0000 - 0x00007ffd28cf8000 	C:\WINDOWS\System32\PSAPI.DLL
0x00007ffd27880000 - 0x00007ffd28cb7000 	C:\WINDOWS\System32\SHELL32.dll
0x00007ffd26910000 - 0x00007ffd26959000 	C:\WINDOWS\System32\cfgmgr32.dll
0x00007ffd26810000 - 0x00007ffd26906000 	C:\WINDOWS\System32\ucrtbase.dll
0x00007ffd29840000 - 0x00007ffd298ea000 	C:\WINDOWS\System32\shcore.dll
0x00007ffd28f50000 - 0x00007ffd29249000 	C:\WINDOWS\System32\combase.dll
0x00007ffd26bb0000 - 0x00007ffd26c1a000 	C:\WINDOWS\System32\bcryptPrimitives.dll
0x00007ffd25f60000 - 0x00007ffd26651000 	C:\WINDOWS\System32\windows.storage.dll
0x00007ffd27800000 - 0x00007ffd27851000 	C:\WINDOWS\System32\shlwapi.dll
0x00007ffd28cc0000 - 0x00007ffd28ce7000 	C:\WINDOWS\System32\GDI32.dll
0x00007ffd26660000 - 0x00007ffd267e7000 	C:\WINDOWS\System32\gdi32full.dll
0x00007ffd26c80000 - 0x00007ffd26d1a000 	C:\WINDOWS\System32\msvcp_win.dll
0x00007ffd28d00000 - 0x00007ffd28e4a000 	C:\WINDOWS\System32\USER32.dll
0x00007ffd267f0000 - 0x00007ffd2680e000 	C:\WINDOWS\System32\win32u.dll
0x00007ffd25f20000 - 0x00007ffd25f31000 	C:\WINDOWS\System32\kernel.appcore.dll
0x00007ffd25eb0000 - 0x00007ffd25efc000 	C:\WINDOWS\System32\powrprof.dll
0x00007ffd25f40000 - 0x00007ffd25f55000 	C:\WINDOWS\System32\profapi.dll
0x00007ffd19c00000 - 0x00007ffd19c09000 	C:\Xilinx\Vivado\2016.2\lib\win64.o\librdi_commonversion.dll
0x00007ffd19a10000 - 0x00007ffd19a19000 	C:\Xilinx\Vivado\2016.2\lib\win64.o\libboost_system.dll
0x000000000a900000 - 0x000000000a98d000 	C:\Xilinx\Vivado\2016.2\lib\win64.o\SHSMP64.dll
0x00007ffd0ce60000 - 0x00007ffd0ceb4000 	C:\Xilinx\Vivado\2016.2\lib\win64.o\librdi_commonxillic.dll
0x00007ffd19920000 - 0x00007ffd19930000 	C:\Xilinx\Vivado\2016.2\lib\win64.o\libboost_date_time.dll
0x0000000054d30000 - 0x0000000054e57000 	C:\Xilinx\Vivado\2016.2\lib\win64.o\tcl85t.dll
0x00007ffd27790000 - 0x00007ffd277fc000 	C:\WINDOWS\System32\WS2_32.dll
0x00007ffd0b9f0000 - 0x00007ffd0ba67000 	C:\Xilinx\Vivado\2016.2\lib\win64.o\libboost_program_options.dll
0x00007ffd18480000 - 0x00007ffd1849d000 	C:\Xilinx\Vivado\2016.2\lib\win64.o\libboost_thread.dll
0x00007ffcff650000 - 0x00007ffcff9be000 	C:\Xilinx\Vivado\2016.2\lib\win64.o\libCOIN-all.dll
0x00007ffd060a0000 - 0x00007ffd062bf000 	C:\Xilinx\Vivado\2016.2\lib\win64.o\libXil_lmgr11.dll
0x00007ffd295e0000 - 0x00007ffd296e8000 	C:\WINDOWS\System32\COMDLG32.dll
0x00007ffd29520000 - 0x00007ffd295e0000 	C:\WINDOWS\System32\OLEAUT32.dll
0x00007ffd27410000 - 0x00007ffd27555000 	C:\WINDOWS\System32\ole32.dll
0x00007ffd26c20000 - 0x00007ffd26c76000 	C:\WINDOWS\System32\WINTRUST.dll
0x00007ffd25f00000 - 0x00007ffd25f11000 	C:\WINDOWS\System32\MSASN1.dll
0x00007ffd26dd0000 - 0x00007ffd26f99000 	C:\WINDOWS\System32\CRYPT32.dll
0x00007ffd0a430000 - 0x00007ffd0a536000 	C:\Xilinx\Vivado\2016.2\lib\win64.o\libboost_regex.dll
0x00007ffd098a0000 - 0x00007ffd09920000 	C:\Xilinx\Vivado\2016.2\lib\win64.o\libhdlpsolve.dll
0x00007ffd143d0000 - 0x00007ffd143fa000 	C:\Xilinx\Vivado\2016.2\lib\win64.o\libisl_sysinfo.dll
0x00000000544a0000 - 0x0000000054d29000 	C:\Xilinx\Vivado\2016.2\tps\win64\jre\bin\server\jvm.dll
0x00007ffd196d0000 - 0x00007ffd196db000 	C:\Xilinx\Vivado\2016.2\lib\win64.o\libboost_xilinx.dll
0x00007ffd076d0000 - 0x00007ffd0776a000 	C:\Xilinx\Vivado\2016.2\lib\win64.o\libhdxml.dll
0x00007ffd181c0000 - 0x00007ffd181d5000 	C:\Xilinx\Vivado\2016.2\lib\win64.o\pthreadVC2.dll
0x00007ffd0c630000 - 0x00007ffd0c653000 	C:\Xilinx\Vivado\2016.2\lib\win64.o\librdizlib.dll
0x00007ffd16170000 - 0x00007ffd16188000 	C:\Xilinx\Vivado\2016.2\lib\win64.o\librdiconfig.dll
0x00007ffd13760000 - 0x00007ffd13a8e000 	C:\WINDOWS\SYSTEM32\WININET.dll
0x00007ffd22350000 - 0x00007ffd22426000 	C:\WINDOWS\SYSTEM32\WINHTTP.dll
0x00007ffd1d520000 - 0x00007ffd1d6e7000 	C:\WINDOWS\SYSTEM32\urlmon.dll
0x00007ffd181e0000 - 0x00007ffd181e9000 	C:\WINDOWS\SYSTEM32\WSOCK32.dll
0x00007ffd0c600000 - 0x00007ffd0c623000 	C:\WINDOWS\SYSTEM32\VCOMP110.DLL
0x00007ffd21620000 - 0x00007ffd2162a000 	C:\WINDOWS\SYSTEM32\VERSION.dll
0x00007ffd05f10000 - 0x00007ffd06040000 	C:\Xilinx\Vivado\2016.2\lib\win64.o\librdi_curl.dll
0x00007ffd15af0000 - 0x00007ffd15b07000 	C:\WINDOWS\SYSTEM32\NETAPI32.dll
0x00007ffd21570000 - 0x00007ffd21616000 	C:\WINDOWS\WinSxS\amd64_microsoft.windows.common-controls_6595b64144ccf1df_5.82.15063.413_none_0e0f5dcc67adff4e\COMCTL32.dll
0x00007ffd23010000 - 0x00007ffd23033000 	C:\WINDOWS\SYSTEM32\WINMM.dll
0x0000000055890000 - 0x0000000055962000 	C:\WINDOWS\SYSTEM32\MSVCR100.dll
0x00007ffd1d990000 - 0x00007ffd1dc1a000 	C:\WINDOWS\SYSTEM32\iertutil.dll
0x00007ffd22fe0000 - 0x00007ffd2300b000 	C:\WINDOWS\SYSTEM32\WINMMBASE.dll
0x00007ffd25920000 - 0x00007ffd2592b000 	C:\WINDOWS\SYSTEM32\CRYPTBASE.DLL
0x00007ffd19050000 - 0x00007ffd1905b000 	C:\Xilinx\Vivado\2016.2\lib\win64.o\libboost_chrono.dll
0x0000000012000000 - 0x0000000012263000 	C:\Xilinx\Vivado\2016.2\lib\win64.o\xerces-c_3_1.dll
0x00007ffcfef40000 - 0x00007ffcff3a5e00 	C:\Xilinx\Vivado\2016.2\lib\win64.o\libisl_iostreams.dll
0x00007ffd0c140000 - 0x00007ffd0c163000 	C:\Xilinx\Vivado\2016.2\lib\win64.o\libisl_iosutils.dll
0x00007ffd14ed0000 - 0x00007ffd14ee6000 	C:\Xilinx\Vivado\2016.2\lib\win64.o\libboost_iostreams.dll
0x00007ffd273e0000 - 0x00007ffd2740d000 	C:\WINDOWS\System32\IMM32.DLL
0x00007ffcfeb20000 - 0x00007ffcfef3e000 	C:\Xilinx\Vivado\2016.2\lib\win64.o\librdi_commontasks.dll
0x00007ffcf1200000 - 0x00007ffcf2e56000 	C:\Xilinx\Vivado\2016.2\lib\win64.o\librdi_tcltasks.dll
0x00007ffd0a170000 - 0x00007ffd0a1cd000 	C:\Xilinx\Vivado\2016.2\lib\win64.o\librdi_boarddep.dll
0x00007ffd05dd0000 - 0x00007ffd05f0f000 	C:\Xilinx\Vivado\2016.2\lib\win64.o\librdi_board.dll
0x00007ffcfd550000 - 0x00007ffcfd7c7000 	C:\Xilinx\Vivado\2016.2\lib\win64.o\librdi_bitstream.dll
0x00007ffcfccc0000 - 0x00007ffcfced1000 	C:\Xilinx\Vivado\2016.2\lib\win64.o\librdi_chipscope.dll
0x00007ffce96a0000 - 0x00007ffcec1a3000 	C:\Xilinx\Vivado\2016.2\lib\win64.o\librdi_coregen.dll
0x00007ffce5e30000 - 0x00007ffce9697000 	C:\Xilinx\Vivado\2016.2\lib\win64.o\librdi_designutils.dll
0x00007ffd05a40000 - 0x00007ffd05b23000 	C:\Xilinx\Vivado\2016.2\lib\win64.o\librdi_containers.dll
0x00007ffce4bc0000 - 0x00007ffce5e2b000 	C:\Xilinx\Vivado\2016.2\lib\win64.o\librdi_constraints.dll
0x00007ffcfc480000 - 0x00007ffcfc6a0000 	C:\Xilinx\Vivado\2016.2\lib\win64.o\librdi_dlyest.dll
0x00007ffcf8e00000 - 0x00007ffcf9303000 	C:\Xilinx\Vivado\2016.2\lib\win64.o\librdi_drc.dll
0x00007ffd019e0000 - 0x00007ffd01aa0000 	C:\Xilinx\Vivado\2016.2\lib\win64.o\librdi_dsp.dll
0x00007ffcdbcf0000 - 0x00007ffce4bb1000 	C:\Xilinx\Vivado\2016.2\lib\win64.o\librdi_device.dll
0x00007ffcfc240000 - 0x00007ffcfc480000 	C:\Xilinx\Vivado\2016.2\lib\win64.o\librdi_guitools.dll
0x00007ffcf0c70000 - 0x00007ffcf11fd000 	C:\Xilinx\Vivado\2016.2\lib\win64.o\librdi_memdata.dll
0x00007ffcdb7a0000 - 0x00007ffcdbcea000 	C:\Xilinx\Vivado\2016.2\lib\win64.o\librdi_filemgmt.dll
0x00007ffcdb360000 - 0x00007ffcdb794000 	C:\Xilinx\Vivado\2016.2\lib\win64.o\librdi_netlist.dll
0x00007ffcd99c0000 - 0x00007ffcdb35e000 	C:\Xilinx\Vivado\2016.2\lib\win64.o\librdi_place.dll
0x00007ffcd9400000 - 0x00007ffcd99b8000 	C:\Xilinx\Vivado\2016.2\lib\win64.o\librdi_power.dll
0x00007ffd0b310000 - 0x00007ffd0b34b000 	C:\Xilinx\Vivado\2016.2\lib\win64.o\librdi_pfi.dll
0x00007ffcd8f80000 - 0x00007ffcd93fd000 	C:\Xilinx\Vivado\2016.2\lib\win64.o\librdi_project.dll
0x00007ffcd8990000 - 0x00007ffcd8f74000 	C:\Xilinx\Vivado\2016.2\lib\win64.o\librdi_rsb.dll
0x00007ffcd84b0000 - 0x00007ffcd8981000 	C:\Xilinx\Vivado\2016.2\lib\win64.o\librdi_psta.dll
0x00007ffcd7870000 - 0x00007ffcd84a6000 	C:\Xilinx\Vivado\2016.2\lib\win64.o\librdi_route.dll
0x00007ffcf8360000 - 0x00007ffcf8636000 	C:\Xilinx\Vivado\2016.2\lib\win64.o\librdi_runs.dll
0x00007ffd099d0000 - 0x00007ffd09a2b000 	C:\Xilinx\Vivado\2016.2\lib\win64.o\librdi_runsbase.dll
0x00007ffd00430000 - 0x00007ffd005ad000 	C:\Xilinx\Vivado\2016.2\lib\win64.o\librdi_simdata.dll
0x00007ffd05d60000 - 0x00007ffd05dc3000 	C:\Xilinx\Vivado\2016.2\lib\win64.o\liblmx6.0.dll
0x00007ffcfd360000 - 0x00007ffcfd550000 	C:\Xilinx\Vivado\2016.2\lib\win64.o\librdi_sio.dll
0x00007ffcd6de0000 - 0x00007ffcd786e000 	C:\Xilinx\Vivado\2016.2\lib\win64.o\librdi_timing.dll
0x00007ffd07680000 - 0x00007ffd076c7000 	C:\Xilinx\Vivado\2016.2\lib\win64.o\libboost_serialization.dll
0x00007ffcd68a0000 - 0x00007ffcd6de0000 	C:\Xilinx\Vivado\2016.2\lib\win64.o\librdi_xdm.dll
0x00007ffcd61e0000 - 0x00007ffcd6893000 	C:\Xilinx\Vivado\2016.2\lib\win64.o\librdi_coregenipxact.dll
0x00007ffd036f0000 - 0x00007ffd03787000 	C:\Xilinx\Vivado\2016.2\lib\win64.o\libise.dll
0x00007ffcd5860000 - 0x00007ffcd61df000 	C:\Xilinx\Vivado\2016.2\lib\win64.o\libverific.dll
0x00007ffd14060000 - 0x00007ffd14079000 	C:\Xilinx\Vivado\2016.2\lib\win64.o\librdi_hmetis.dll
0x00007ffd0b0a0000 - 0x00007ffd0b0da000 	C:\Xilinx\Vivado\2016.2\lib\win64.o\librdi_wavedata_SimpleApi.dll
0x00007ffcd55d0000 - 0x00007ffcd5851000 	C:\Xilinx\Vivado\2016.2\lib\win64.o\librdi_ippcw.dll
0x00007ffd06050000 - 0x00007ffd06093000 	C:\Xilinx\Vivado\2016.2\lib\win64.o\librdi_hdf.dll
0x00007ffcf0a70000 - 0x00007ffcf0c62000 	C:\Xilinx\Vivado\2016.2\lib\win64.o\librdi_hsm.dll
0x00007ffcd5010000 - 0x00007ffcd55cc000 	C:\Xilinx\Vivado\2016.2\lib\win64.o\librdi_abc_nomp.dll
0x00007ffcd4c60000 - 0x00007ffcd5001000 	C:\Xilinx\Vivado\2016.2\lib\win64.o\librdi_wavedata.dll
0x00007ffd059f0000 - 0x00007ffd05a3d000 	C:\Xilinx\Vivado\2016.2\lib\win64.o\librdi_projectbase.dll
0x00007ffcd3420000 - 0x00007ffcd4c51000 	C:\Xilinx\Vivado\2016.2\lib\win64.o\librdi_mig.dll
0x00007ffd25500000 - 0x00007ffd25537000 	C:\WINDOWS\SYSTEM32\IPHLPAPI.DLL
0x00007ffcd2d80000 - 0x00007ffcd3414000 	C:\Xilinx\Vivado\2016.2\lib\win64.o\librdi_labtools.dll
0x00007ffd03630000 - 0x00007ffd036af000 	C:\Xilinx\Vivado\2016.2\lib\win64.o\librdi_simbridge_kernel.dll
0x00007ffd017b0000 - 0x00007ffd01865000 	C:\Xilinx\Vivado\2016.2\lib\win64.o\librdi_hwh.dll
0x00007ffd0aec0000 - 0x00007ffd0aee8000 	C:\Xilinx\Vivado\2016.2\lib\win64.o\librdi_commoncwebtalk.dll
0x00007ffd09970000 - 0x00007ffd0999a000 	C:\Xilinx\Vivado\2016.2\lib\win64.o\librdi_hcp.dll

VM Arguments:
jvm_args: -Dsun.java2d.pmoffscreen=false -Dsun.java2d.d3d=false -Dsun.awt.nopixfmt=true -Xverify:none -Dswing.aatext=true -XX:-UsePerfData -Djdk.map.althashing.threshold=512 -XX:StringTableSize=4072 -XX:NewSize=60m -XX:MaxNewSize=60m -Xms128m -Xmx3072m -Xss5m 
java_command: <unknown>
java_class_path (initial): C:/Xilinx/Vivado/2016.2\lib\classes\alloy.jar;C:/Xilinx/Vivado/2016.2\lib\classes\batik-anim.jar;C:/Xilinx/Vivado/2016.2\lib\classes\batik-awt-util.jar;C:/Xilinx/Vivado/2016.2\lib\classes\batik-bridge.jar;C:/Xilinx/Vivado/2016.2\lib\classes\batik-codec.jar;C:/Xilinx/Vivado/2016.2\lib\classes\batik-css.jar;C:/Xilinx/Vivado/2016.2\lib\classes\batik-dom.jar;C:/Xilinx/Vivado/2016.2\lib\classes\batik-ext.jar;C:/Xilinx/Vivado/2016.2\lib\classes\batik-gui-util.jar;C:/Xilinx/Vivado/2016.2\lib\classes\batik-gvt.jar;C:/Xilinx/Vivado/2016.2\lib\classes\batik-parser.jar;C:/Xilinx/Vivado/2016.2\lib\classes\batik-script.jar;C:/Xilinx/Vivado/2016.2\lib\classes\batik-svg-dom.jar;C:/Xilinx/Vivado/2016.2\lib\classes\batik-swing.jar;C:/Xilinx/Vivado/2016.2\lib\classes\batik-transcoder.jar;C:/Xilinx/Vivado/2016.2\lib\classes\batik-util.jar;C:/Xilinx/Vivado/2016.2\lib\classes\batik-xml.jar;C:/Xilinx/Vivado/2016.2\lib\classes\commons-math-2.2.jar;C:/Xilinx/Vivado/2016.2\lib\classes\dom4j-1.6.1.jar;C:/Xilinx/Vivado/2016.2\lib\classes\forms.jar;C:/Xilinx/Vivado/2016.2\lib\classes\guava-18.0.jar;C:/Xilinx/Vivado/2016.2\lib\classes\help.jar;C:/Xilinx/Vivado/2016.2\lib\classes\hsqldb.jar;C:/Xilinx/Vivado/2016.2\lib\classes\jh.jar;C:/Xilinx/Vivado/2016.2\lib\classes\jide-action.jar;C:/Xilinx/Vivado/2016.2\lib\classes\jide-charts.jar;C:/Xilinx/Vivado/2016.2\lib\classes\jide-common.jar;C:/Xilinx/Vivado/2016.2\lib\classes\jide-components.jar;C:/Xilinx/Vivado/2016.2\lib\classes\jide-dashboard.jar;C:/Xilinx/Vivado/2016.2\lib\classes\jide-data.jar;C:/Xilinx/Vivado/2016.2\lib\classes\jide-dialogs.jar;C:/Xilinx/Vivado/2016.2\lib\classes\jide-diff.jar;C:/Xilinx/Vivado/2016.2\lib\classes\jide-dock.jar;C:/Xilinx/Vivado/2016.2\lib\classes\jide-editor.jar;C:/Xilinx/Vivado/2016.2\lib\classes\jide-gantt.jar;C:/Xilinx/Vivado/2016.2\lib\classes\jide-grids.jar;C:/Xilinx/Vivado/2016.2\lib\classes\jide-pivot.jar;C:/Xilinx/Vivado/2016.2\lib\classes\jide-plaf-jdk7.jar;C:/Xilinx/Vivado/2
Launcher Type: generic

Environment Variables:
JAVA_HOME=C:\Program Files\Java\jdk-9.0.1
CLASSPATH=C:\git\RapidWright\jars
PATH=C:/Xilinx/Vivado/2016.2/bin;C:/Xilinx/Vivado/2016.2/lib/win64.o;C:/Xilinx/Vivado/2016.2/tps/win64/jre/bin/server;C:/Xilinx/Vivado/2016.2/tps/win64/jre/bin;C:/Xilinx/Vivado/2016.2/ids_lite/ISE/bin/nt64;C:/Xilinx/Vivado/2016.2/ids_lite/ISE/lib/nt64;C:/Xilinx/Vivado_HLS/2016.2/bin;C:\ProgramData\Oracle\Java\javapath;C:\WINDOWS\system32;C:\WINDOWS;C:\WINDOWS\System32\Wbem;C:\WINDOWS\System32\WindowsPowerShell\v1.0\;C:\Gradle\gradle-4.4.1\bin;C:\Users\Dallon\AppData\Local\Microsoft\WindowsApps;
USERNAME=Dallon
OS=Windows_NT
PROCESSOR_IDENTIFIER=Intel64 Family 6 Model 30 Stepping 5, GenuineIntel



---------------  S Y S T E M  ---------------

OS: Windows 10.0 , 64 bit Build 15063 (10.0.15063.296)

CPU:total 8 (4 cores per cpu, 2 threads per core) family 6 model 30 stepping 5, cmov, cx8, fxsr, mmx, sse, sse2, sse3, ssse3, sse4.1, sse4.2, popcnt, ht, tsc, tscinvbit

Memory: 4k page, physical 12516644k(4910792k free), swap 15451952k(4895268k free)

vm_info: Java HotSpot(TM) 64-Bit Server VM (25.66-b18) for windows-amd64 JRE (1.8.0_66-b18), built on Nov  9 2015 10:51:13 by "java_re" with MS VC++ 10.0 (VS2010)

time: Sat Jan 27 18:27:36 2018
elapsed time: 15140 seconds (0d 4h 12m 20s)

