This is pdfTeX, Version 3.1415926-2.5-1.40.14 (MiKTeX 2.9) (preloaded format=pdflatex 2015.12.10)  31 JAN 2017 17:09
entering extended mode
**TechReport.tex
(C:\Users\ecestudent\Documents\Git\RapidSmith2\doc\TechReport.tex
LaTeX2e <2011/06/27>
Babel <v3.8m> and hyphenation patterns for english, afrikaans, ancientgreek, ar
abic, armenian, assamese, basque, bengali, bokmal, bulgarian, catalan, coptic, 
croatian, czech, danish, dutch, esperanto, estonian, farsi, finnish, french, ga
lician, german, german-x-2013-05-26, greek, gujarati, hindi, hungarian, iceland
ic, indonesian, interlingua, irish, italian, kannada, kurmanji, latin, latvian,
 lithuanian, malayalam, marathi, mongolian, mongolianlmc, monogreek, ngerman, n
german-x-2013-05-26, nynorsk, oriya, panjabi, pinyin, polish, portuguese, roman
ian, russian, sanskrit, serbian, slovak, slovenian, spanish, swedish, swissgerm
an, tamil, telugu, turkish, turkmen, ukenglish, ukrainian, uppersorbian, usengl
ishmax, welsh, loaded.
("C:\Program Files (x86)\MiKTeX 2.9\tex\latex\base\article.cls"
Document Class: article 2007/10/19 v1.4h Standard LaTeX document class
("C:\Program Files (x86)\MiKTeX 2.9\tex\latex\base\size10.clo"
File: size10.clo 2007/10/19 v1.4h Standard LaTeX file (size option)
)
\c@part=\count79
\c@section=\count80
\c@subsection=\count81
\c@subsubsection=\count82
\c@paragraph=\count83
\c@subparagraph=\count84
\c@figure=\count85
\c@table=\count86
\abovecaptionskip=\skip41
\belowcaptionskip=\skip42
\bibindent=\dimen102
)
("C:\Program Files (x86)\MiKTeX 2.9\tex\latex\psnfss\times.sty"
Package: times 2005/04/12 PSNFSS-v9.2a (SPQR) 
)
("C:\Program Files (x86)\MiKTeX 2.9\tex\latex\amsmath\amsmath.sty"
Package: amsmath 2013/01/14 v2.14 AMS math features
\@mathmargin=\skip43

For additional information on amsmath, use the `?' option.
("C:\Program Files (x86)\MiKTeX 2.9\tex\latex\amsmath\amstext.sty"
Package: amstext 2000/06/29 v2.01

("C:\Program Files (x86)\MiKTeX 2.9\tex\latex\amsmath\amsgen.sty"
File: amsgen.sty 1999/11/30 v2.0
\@emptytoks=\toks14
\ex@=\dimen103
))
("C:\Program Files (x86)\MiKTeX 2.9\tex\latex\amsmath\amsbsy.sty"
Package: amsbsy 1999/11/29 v1.2d
\pmbraise@=\dimen104
)
("C:\Program Files (x86)\MiKTeX 2.9\tex\latex\amsmath\amsopn.sty"
Package: amsopn 1999/12/14 v2.01 operator names
)
\inf@bad=\count87
LaTeX Info: Redefining \frac on input line 210.
\uproot@=\count88
\leftroot@=\count89
LaTeX Info: Redefining \overline on input line 306.
\classnum@=\count90
\DOTSCASE@=\count91
LaTeX Info: Redefining \ldots on input line 378.
LaTeX Info: Redefining \dots on input line 381.
LaTeX Info: Redefining \cdots on input line 466.
\Mathstrutbox@=\box26
\strutbox@=\box27
\big@size=\dimen105
LaTeX Font Info:    Redeclaring font encoding OML on input line 566.
LaTeX Font Info:    Redeclaring font encoding OMS on input line 567.
\macc@depth=\count92
\c@MaxMatrixCols=\count93
\dotsspace@=\muskip10
\c@parentequation=\count94
\dspbrk@lvl=\count95
\tag@help=\toks15
\row@=\count96
\column@=\count97
\maxfields@=\count98
\andhelp@=\toks16
\eqnshift@=\dimen106
\alignsep@=\dimen107
\tagshift@=\dimen108
\tagwidth@=\dimen109
\totwidth@=\dimen110
\lineht@=\dimen111
\@envbody=\toks17
\multlinegap=\skip44
\multlinetaggap=\skip45
\mathdisplay@stack=\toks18
LaTeX Info: Redefining \[ on input line 2665.
LaTeX Info: Redefining \] on input line 2666.
)
("C:\Program Files (x86)\MiKTeX 2.9\tex\latex\tools\enumerate.sty"
Package: enumerate 1999/03/05 v3.00 enumerate extensions (DPC)
\@enLab=\toks19
)
("C:\Program Files (x86)\MiKTeX 2.9\tex\latex\hyperref\hyperref.sty"
Package: hyperref 2012/11/06 v6.83m Hypertext links for LaTeX

("C:\Program Files (x86)\MiKTeX 2.9\tex\generic\oberdiek\hobsub-hyperref.sty"
Package: hobsub-hyperref 2012/04/25 v1.12 Bundle oberdiek, subset hyperref (HO)


("C:\Program Files (x86)\MiKTeX 2.9\tex\generic\oberdiek\hobsub-generic.sty"
Package: hobsub-generic 2012/04/25 v1.12 Bundle oberdiek, subset generic (HO)
Package: hobsub 2012/04/25 v1.12 Construct package bundles (HO)
Package: infwarerr 2010/04/08 v1.3 Providing info/warning/error messages (HO)
Package: ltxcmds 2011/11/09 v1.22 LaTeX kernel commands for general use (HO)
Package: ifluatex 2010/03/01 v1.3 Provides the ifluatex switch (HO)
Package ifluatex Info: LuaTeX not detected.
Package: ifvtex 2010/03/01 v1.5 Detect VTeX and its facilities (HO)
Package ifvtex Info: VTeX not detected.
Package: intcalc 2007/09/27 v1.1 Expandable calculations with integers (HO)
Package: ifpdf 2011/01/30 v2.3 Provides the ifpdf switch (HO)
Package ifpdf Info: pdfTeX in PDF mode is detected.
Package: etexcmds 2011/02/16 v1.5 Avoid name clashes with e-TeX commands (HO)
Package etexcmds Info: Could not find \expanded.
(etexcmds)             That can mean that you are not using pdfTeX 1.50 or
(etexcmds)             that some package has redefined \expanded.
(etexcmds)             In the latter case, load this package earlier.
Package: kvsetkeys 2012/04/25 v1.16 Key value parser (HO)
Package: kvdefinekeys 2011/04/07 v1.3 Define keys (HO)
Package: pdftexcmds 2011/11/29 v0.20 Utility functions of pdfTeX for LuaTeX (HO
)
Package pdftexcmds Info: LuaTeX not detected.
Package pdftexcmds Info: \pdf@primitive is available.
Package pdftexcmds Info: \pdf@ifprimitive is available.
Package pdftexcmds Info: \pdfdraftmode found.
Package: pdfescape 2011/11/25 v1.13 Implements pdfTeX's escape features (HO)
Package: bigintcalc 2012/04/08 v1.3 Expandable calculations on big integers (HO
)
Package: bitset 2011/01/30 v1.1 Handle bit-vector datatype (HO)
Package: uniquecounter 2011/01/30 v1.2 Provide unlimited unique counter (HO)
)
Package hobsub Info: Skipping package `hobsub' (already loaded).
Package: letltxmacro 2010/09/02 v1.4 Let assignment for LaTeX macros (HO)
Package: hopatch 2011/06/24 v1.1 Wrapper for package hooks (HO)
Package: xcolor-patch 2011/01/30 xcolor patch
Package: atveryend 2011/06/30 v1.8 Hooks at the very end of document (HO)
Package atveryend Info: \enddocument detected (standard20110627).
Package: atbegshi 2011/10/05 v1.16 At begin shipout hook (HO)
Package: refcount 2011/10/16 v3.4 Data extraction from label references (HO)
Package: hycolor 2011/01/30 v1.7 Color options for hyperref/bookmark (HO)
)
("C:\Program Files (x86)\MiKTeX 2.9\tex\latex\graphics\keyval.sty"
Package: keyval 1999/03/16 v1.13 key=value parser (DPC)
\KV@toks@=\toks20
)
("C:\Program Files (x86)\MiKTeX 2.9\tex\generic\ifxetex\ifxetex.sty"
Package: ifxetex 2010/09/12 v0.6 Provides ifxetex conditional
)
("C:\Program Files (x86)\MiKTeX 2.9\tex\latex\oberdiek\auxhook.sty"
Package: auxhook 2011/03/04 v1.3 Hooks for auxiliary files (HO)
)
("C:\Program Files (x86)\MiKTeX 2.9\tex\latex\oberdiek\kvoptions.sty"
Package: kvoptions 2011/06/30 v3.11 Key value format for package options (HO)
)
\@linkdim=\dimen112
\Hy@linkcounter=\count99
\Hy@pagecounter=\count100

("C:\Program Files (x86)\MiKTeX 2.9\tex\latex\hyperref\pd1enc.def"
File: pd1enc.def 2012/11/06 v6.83m Hyperref: PDFDocEncoding definition (HO)
)
\Hy@SavedSpaceFactor=\count101

("C:\Program Files (x86)\MiKTeX 2.9\tex\latex\00miktex\hyperref.cfg"
File: hyperref.cfg 2002/06/06 v1.2 hyperref configuration of TeXLive
)
Package hyperref Info: Hyper figures OFF on input line 4443.
Package hyperref Info: Link nesting OFF on input line 4448.
Package hyperref Info: Hyper index ON on input line 4451.
Package hyperref Info: Plain pages OFF on input line 4458.
Package hyperref Info: Backreferencing OFF on input line 4463.
Package hyperref Info: Implicit mode ON; LaTeX internals redefined.
Package hyperref Info: Bookmarks ON on input line 4688.
\c@Hy@tempcnt=\count102

("C:\Program Files (x86)\MiKTeX 2.9\tex\latex\url\url.sty"
\Urlmuskip=\muskip11
Package: url 2013/09/16  ver 3.4  Verb mode for urls, etc.
)
LaTeX Info: Redefining \url on input line 5041.
\XeTeXLinkMargin=\dimen113
\Fld@menulength=\count103
\Field@Width=\dimen114
\Fld@charsize=\dimen115
Package hyperref Info: Hyper figures OFF on input line 6295.
Package hyperref Info: Link nesting OFF on input line 6300.
Package hyperref Info: Hyper index ON on input line 6303.
Package hyperref Info: backreferencing OFF on input line 6310.
Package hyperref Info: Link coloring OFF on input line 6315.
Package hyperref Info: Link coloring with OCG OFF on input line 6320.
Package hyperref Info: PDF/A mode OFF on input line 6325.
LaTeX Info: Redefining \ref on input line 6365.
LaTeX Info: Redefining \pageref on input line 6369.
\Hy@abspage=\count104
\c@Item=\count105
\c@Hfootnote=\count106
)

Package hyperref Message: Driver (autodetected): hpdftex.

("C:\Program Files (x86)\MiKTeX 2.9\tex\latex\hyperref\hpdftex.def"
File: hpdftex.def 2012/11/06 v6.83m Hyperref driver for pdfTeX
\Fld@listcount=\count107
\c@bookmark@seq@number=\count108

("C:\Program Files (x86)\MiKTeX 2.9\tex\latex\oberdiek\rerunfilecheck.sty"
Package: rerunfilecheck 2011/04/15 v1.7 Rerun checks for auxiliary files (HO)
Package uniquecounter Info: New unique counter `rerunfilecheck' on input line 2
82.
)
\Hy@SectionHShift=\skip46
)
("C:\Program Files (x86)\MiKTeX 2.9\tex\latex\caption\subcaption.sty"
Package: subcaption 2015/09/15 v1.1-100 Sub-captions (AR)

("C:\Program Files (x86)\MiKTeX 2.9\tex\latex\caption\caption.sty"
Package: caption 2015/09/17 v3.3-111 Customizing captions (AR)

("C:\Program Files (x86)\MiKTeX 2.9\tex\latex\caption\caption3.sty"
Package: caption3 2015/09/20 v1.7-115 caption3 kernel (AR)
Package caption3 Info: TeX engine: e-TeX on input line 57.
\captionmargin=\dimen116
\captionmargin@=\dimen117
\captionwidth=\dimen118
\caption@tempdima=\dimen119
\caption@indent=\dimen120
\caption@parindent=\dimen121
\caption@hangindent=\dimen122
)
\c@ContinuedFloat=\count109
Package caption Info: hyperref package is loaded.
)
\c@subfigure=\count110
\c@subtable=\count111
)
("C:\Program Files (x86)\MiKTeX 2.9\tex\latex\graphics\graphicx.sty"
Package: graphicx 1999/02/16 v1.0f Enhanced LaTeX Graphics (DPC,SPQR)

("C:\Program Files (x86)\MiKTeX 2.9\tex\latex\graphics\graphics.sty"
Package: graphics 2009/02/05 v1.0o Standard LaTeX Graphics (DPC,SPQR)

("C:\Program Files (x86)\MiKTeX 2.9\tex\latex\graphics\trig.sty"
Package: trig 1999/03/16 v1.09 sin cos tan (DPC)
)
("C:\Program Files (x86)\MiKTeX 2.9\tex\latex\00miktex\graphics.cfg"
File: graphics.cfg 2007/01/18 v1.5 graphics configuration of teTeX/TeXLive
)
Package graphics Info: Driver file: pdftex.def on input line 91.

("C:\Program Files (x86)\MiKTeX 2.9\tex\latex\pdftex-def\pdftex.def"
File: pdftex.def 2011/05/27 v0.06d Graphics/color for pdfTeX
\Gread@gobject=\count112
))
\Gin@req@height=\dimen123
\Gin@req@width=\dimen124
)
("C:\Program Files (x86)\MiKTeX 2.9\tex\latex\base\latexsym.sty"
Package: latexsym 1998/08/17 v2.2e Standard LaTeX package (lasy symbols)
\symlasy=\mathgroup4
LaTeX Font Info:    Overwriting symbol font `lasy' in version `bold'
(Font)                  U/lasy/m/n --> U/lasy/b/n on input line 47.
)
("C:\Program Files (x86)\MiKTeX 2.9\tex\latex\float\float.sty"
Package: float 2001/11/08 v1.3d Float enhancements (AL)
\c@float@type=\count113
\float@exts=\toks21
\float@box=\box28
\@float@everytoks=\toks22
\@floatcapt=\box29
)
("C:\Program Files (x86)\MiKTeX 2.9\tex\latex\fancyhdr\fancyhdr.sty"
\fancy@headwidth=\skip47
\f@ncyO@elh=\skip48
\f@ncyO@erh=\skip49
\f@ncyO@olh=\skip50
\f@ncyO@orh=\skip51
\f@ncyO@elf=\skip52
\f@ncyO@erf=\skip53
\f@ncyO@olf=\skip54
\f@ncyO@orf=\skip55
)
("C:\Program Files (x86)\MiKTeX 2.9\tex\latex\base\alltt.sty"
Package: alltt 1997/06/16 v2.0g defines alltt environment
)
("C:\Program Files (x86)\MiKTeX 2.9\tex\latex\listings\listings.sty"
\lst@mode=\count114
\lst@gtempboxa=\box30
\lst@token=\toks23
\lst@length=\count115
\lst@currlwidth=\dimen125
\lst@column=\count116
\lst@pos=\count117
\lst@lostspace=\dimen126
\lst@width=\dimen127
\lst@newlines=\count118
\lst@lineno=\count119
\lst@maxwidth=\dimen128

("C:\Program Files (x86)\MiKTeX 2.9\tex\latex\listings\lstmisc.sty"
File: lstmisc.sty 2015/06/04 1.6 (Carsten Heinz)
\c@lstnumber=\count120
\lst@skipnumbers=\count121
\lst@framebox=\box31
)
("C:\Program Files (x86)\MiKTeX 2.9\tex\latex\listings\listings.cfg"
File: listings.cfg 2015/06/04 1.6 listings configuration
))
Package: listings 2015/06/04 1.6 (Carsten Heinz)

("C:\Program Files (x86)\MiKTeX 2.9\tex\latex\oberdiek\epstopdf.sty"
Package: epstopdf 2010/02/09 v2.5 Conversion with epstopdf on the fly (HO)

("C:\Program Files (x86)\MiKTeX 2.9\tex\latex\oberdiek\epstopdf-base.sty"
Package: epstopdf-base 2010/02/09 v2.5 Base part for package epstopdf

("C:\Program Files (x86)\MiKTeX 2.9\tex\latex\oberdiek\grfext.sty"
Package: grfext 2010/08/19 v1.1 Manage graphics extensions (HO)
)
Package grfext Info: Graphics extension search list:
(grfext)             [.png,.pdf,.jpg,.mps,.jpeg,.jbig2,.jb2,.PNG,.PDF,.JPG,.JPE
G,.JBIG2,.JB2,.eps]
(grfext)             \AppendGraphicsExtensions on input line 452.
))
("C:\Program Files (x86)\MiKTeX 2.9\tex\latex\graphics\color.sty"
Package: color 2005/11/14 v1.0j Standard LaTeX Color (DPC)

("C:\Program Files (x86)\MiKTeX 2.9\tex\latex\00miktex\color.cfg"
File: color.cfg 2007/01/18 v1.5 color configuration of teTeX/TeXLive
)
Package color Info: Driver file: pdftex.def on input line 130.
)
("C:\Program Files (x86)\MiKTeX 2.9\tex\latex\tabu\tabu.sty"
Package: tabu 2011/02/26 v2.8 - flexible LaTeX tabulars (FC)

("C:\Program Files (x86)\MiKTeX 2.9\tex\latex\tools\array.sty"
Package: array 2008/09/09 v2.4c Tabular extension package (FMi)
\col@sep=\dimen129
\extrarowheight=\dimen130
\NC@list=\toks24
\extratabsurround=\skip56
\backup@length=\skip57
)
("C:\Program Files (x86)\MiKTeX 2.9\tex\latex\ltxmisc\varwidth.sty"
Package: varwidth 2009/03/30 ver 0.92;  Variable-width minipages
\@vwid@box=\box32
\sift@deathcycles=\count122
\@vwid@loff=\dimen131
\@vwid@roff=\dimen132
)
\c@taburow=\count123
\tabu@nbcols=\count124
\tabu@cnt=\count125
\tabu@Xcol=\count126
\tabu@alloc=\count127
\tabu@nested=\count128
\tabu@target=\dimen133
\tabu@spreadtarget=\dimen134
\tabu@naturalX=\dimen135
\tabucolX=\dimen136
\tabu@Xsum=\dimen137
\extrarowdepth=\dimen138
\abovetabulinesep=\dimen139
\belowtabulinesep=\dimen140
\tabustrutrule=\dimen141
\tabu@thebody=\toks25
\tabu@footnotes=\toks26
\tabu@box=\box33
\tabu@arstrutbox=\box34
\tabu@hleads=\box35
\tabu@vleads=\box36
\tabu@cellskip=\skip58
)
("C:\Program Files (x86)\MiKTeX 2.9\tex\latex\tools\xspace.sty"
Package: xspace 2009/10/20 v1.13 Space after command names (DPC,MH)
)
("C:\Program Files (x86)\MiKTeX 2.9\tex\latex\listings\lstlang1.sty"
File: lstlang1.sty 2015/06/04 1.6 listings language file
)
\@indexfile=\write3

Writing index file TechReport.idx
(C:\Users\ecestudent\Documents\Git\RapidSmith2\doc\TechReport.aux)
LaTeX Font Info:    Checking defaults for OML/cmm/m/it on input line 146.
LaTeX Font Info:    ... okay on input line 146.
LaTeX Font Info:    Checking defaults for T1/cmr/m/n on input line 146.
LaTeX Font Info:    ... okay on input line 146.
LaTeX Font Info:    Checking defaults for OT1/cmr/m/n on input line 146.
LaTeX Font Info:    ... okay on input line 146.
LaTeX Font Info:    Checking defaults for OMS/cmsy/m/n on input line 146.
LaTeX Font Info:    ... okay on input line 146.
LaTeX Font Info:    Checking defaults for OMX/cmex/m/n on input line 146.
LaTeX Font Info:    ... okay on input line 146.
LaTeX Font Info:    Checking defaults for U/cmr/m/n on input line 146.
LaTeX Font Info:    ... okay on input line 146.
LaTeX Font Info:    Checking defaults for PD1/pdf/m/n on input line 146.
LaTeX Font Info:    ... okay on input line 146.
LaTeX Font Info:    Try loading font information for OT1+ptm on input line 146.


("C:\Program Files (x86)\MiKTeX 2.9\tex\latex\psnfss\ot1ptm.fd"
File: ot1ptm.fd 2001/06/04 font definitions for OT1/ptm.
)
\AtBeginShipoutBox=\box37
Package hyperref Info: Link coloring OFF on input line 146.

("C:\Program Files (x86)\MiKTeX 2.9\tex\latex\hyperref\nameref.sty"
Package: nameref 2012/10/27 v2.43 Cross-referencing by name of section

("C:\Program Files (x86)\MiKTeX 2.9\tex\generic\oberdiek\gettitlestring.sty"
Package: gettitlestring 2010/12/03 v1.4 Cleanup title references (HO)
)
\c@section@level=\count129
)
LaTeX Info: Redefining \ref on input line 146.
LaTeX Info: Redefining \pageref on input line 146.
LaTeX Info: Redefining \nameref on input line 146.

(C:\Users\ecestudent\Documents\Git\RapidSmith2\doc\TechReport.out)
(C:\Users\ecestudent\Documents\Git\RapidSmith2\doc\TechReport.out)
\@outlinefile=\write4
Package caption Info: Begin \AtBeginDocument code.
Package caption Info: float package is loaded.
Package caption Info: listings package is loaded.
Package caption Info: End \AtBeginDocument code.

("C:\Program Files (x86)\MiKTeX 2.9\tex\context\base\supp-pdf.mkii"
[Loading MPS to PDF converter (version 2006.09.02).]
\scratchcounter=\count130
\scratchdimen=\dimen142
\scratchbox=\box38
\nofMPsegments=\count131
\nofMParguments=\count132
\everyMPshowfont=\toks27
\MPscratchCnt=\count133
\MPscratchDim=\dimen143
\MPnumerator=\count134
\makeMPintoPDFobject=\count135
\everyMPtoPDFconversion=\toks28
)
\c@lstlisting=\count136
\@float@every@Program=\toks29
\c@Program=\count137
LaTeX Font Info:    Font shape `OT1/ptm/bx/n' in size <17.28> not available
(Font)              Font shape `OT1/ptm/b/n' tried instead on input line 170.
LaTeX Font Info:    Font shape `OT1/ptm/bx/n' in size <24.88> not available
(Font)              Font shape `OT1/ptm/b/n' tried instead on input line 170.
LaTeX Font Info:    Try loading font information for U+lasy on input line 170.
 ("C:\Program Files (x86)\MiKTeX 2.9\tex\latex\base\ulasy.fd"
File: ulasy.fd 1998/08/17 v2.2e LaTeX symbol font definitions
)
<./TechReportAndDocumentation_files/logo.pdf, id=195, 614.295pt x 408.65886pt>
File: ./TechReportAndDocumentation_files/logo.pdf Graphic file (type pdf)

<use ./TechReportAndDocumentation_files/logo.pdf>
Package pdftex.def Info: ./TechReportAndDocumentation_files/logo.pdf used on in
put line 172.
(pdftex.def)             Requested size: 187.89912pt x 124.99931pt.
 [1

{C:/ProgramData/MiKTeX/2.9/pdftex/config/pdftex.map} <C:/Users/ecestudent/Docum
ents/Git/RapidSmith2/doc/TechReportAndDocumentation_files/logo.pdf>]
LaTeX Font Info:    Font shape `OT1/ptm/bx/n' in size <14.4> not available
(Font)              Font shape `OT1/ptm/b/n' tried instead on input line 175.

(C:\Users\ecestudent\Documents\Git\RapidSmith2\doc\TechReport.toc
LaTeX Font Info:    Font shape `OT1/ptm/bx/n' in size <10> not available
(Font)              Font shape `OT1/ptm/b/n' tried instead on input line 1.
 [2])
\tf@toc=\write5
 [3]
LaTeX Font Info:    Font shape `OT1/ptm/bx/n' in size <12> not available
(Font)              Font shape `OT1/ptm/b/n' tried instead on input line 183.
LaTeX Font Info:    Try loading font information for OMS+ptm on input line 192.


("C:\Program Files (x86)\MiKTeX 2.9\tex\latex\psnfss\omsptm.fd"
File: omsptm.fd 
)
LaTeX Font Info:    Font shape `OMS/ptm/m/n' in size <10> not available
(Font)              Font shape `OMS/cmsy/m/n' tried instead on input line 192.
 [4] [5]
Missing character: There is no √ in font ptmr7t!
Missing character: There is no ¢ in font ptmr7t!
Missing character: There is no ‚ in font ptmr7t!
Missing character: There is no Ç in font ptmr7t!
Missing character: There is no ¨ in font ptmr7t!
Missing character: There is no ‚ in font ptmr7t!
Missing character: There is no Ä in font ptmr7t!
Missing character: There is no ù in font ptmr7t!
Missing character: There is no √ in font ptmr7t!
Missing character: There is no ¢ in font ptmr7t!
Missing character: There is no ‚ in font ptmr7t!
Missing character: There is no Ç in font ptmr7t!
Missing character: There is no ¨ in font ptmr7t!
Missing character: There is no ≈ in font ptmr7t!
Missing character: There is no ì in font ptmr7t!
Missing character: There is no √ in font ptmr7t!
Missing character: There is no ¢ in font ptmr7t!
Missing character: There is no ‚ in font ptmr7t!
Missing character: There is no Ç in font ptmr7t!
Missing character: There is no ¨ in font ptmr7t!
Missing character: There is no Ô in font ptmr7t!
Missing character: There is no ø in font ptmr7t!
Missing character: There is no Ω in font ptmr7t!

Overfull \hbox (14.84268pt too wide) in paragraph at lines 363--368
\OT1/ptm/m/n/10 Field-Programmable Gate Ar-rays, Febru-ary 2015, Mon-terey CA, 
pp. 66-69, DOI: 10.1145/2684746.2689085. 
 []

[6]
LaTeX Font Info:    Try loading font information for OT1+pcr on input line 387.

 ("C:\Program Files (x86)\MiKTeX 2.9\tex\latex\psnfss\ot1pcr.fd"
File: ot1pcr.fd 2001/06/04 font definitions for OT1/pcr.
)
<./TechReportAndDocumentation_files/UsageModels.pdf, id=302, 614.27289pt x 246.
96687pt>
File: ./TechReportAndDocumentation_files/UsageModels.pdf Graphic file (type pdf
)
 <use ./TechReportAndDocumentation_files/UsageModels.pdf>
Package pdftex.def Info: ./TechReportAndDocumentation_files/UsageModels.pdf use
d on input line 416.
(pdftex.def)             Requested size: 469.75499pt x 188.86874pt.
 [7 <C:/Users/ecestudent/Documents/Git/RapidSmith2/doc/TechReportAndDocumentati
on_files/UsageModels.pdf>] [8]
<./TechReportAndDocumentation_files/deviceBrowser.jpg, id=361, 528.47438pt x 42
5.33907pt>
File: ./TechReportAndDocumentation_files/deviceBrowser.jpg Graphic file (type j
pg)
 <use ./TechReportAndDocumentation_files/deviceBrowser.jpg>
Package pdftex.def Info: ./TechReportAndDocumentation_files/deviceBrowser.jpg u
sed on input line 534.
(pdftex.def)             Requested size: 375.80542pt x 302.46661pt.
 [9]
[10 <C:/Users/ecestudent/Documents/Git/RapidSmith2/doc/TechReportAndDocumentati
on_files/deviceBrowser.jpg>]
<./TechReportAndDocumentation_files/tiles.pdf, id=379, 409.48785pt x 272.49pt>
File: ./TechReportAndDocumentation_files/tiles.pdf Graphic file (type pdf)

<use ./TechReportAndDocumentation_files/tiles.pdf>
Package pdftex.def Info: ./TechReportAndDocumentation_files/tiles.pdf used on i
nput line 613.
(pdftex.def)             Requested size: 328.82706pt x 218.82385pt.

<./TechReportAndDocumentation_files/site.pdf, id=380, 482.50264pt x 317.65376pt
>
File: ./TechReportAndDocumentation_files/site.pdf Graphic file (type pdf)
 <use ./TechReportAndDocumentation_files/site.pdf>
Package pdftex.def Info: ./TechReportAndDocumentation_files/site.pdf used on in
put line 632.
(pdftex.def)             Requested size: 305.33788pt x 201.01476pt.
LaTeX Font Info:    Font shape `OT1/ptm/bx/n' in size <9> not available
(Font)              Font shape `OT1/ptm/b/n' tried instead on input line 633.

<./TechReportAndDocumentation_files/subsite.pdf, id=381, 482.50264pt x 317.6537
6pt>
File: ./TechReportAndDocumentation_files/subsite.pdf Graphic file (type pdf)
 <use ./TechReportAndDocumentation_files/subsite.pdf>
Package pdftex.def Info: ./TechReportAndDocumentation_files/subsite.pdf used on
 input line 638.
(pdftex.def)             Requested size: 305.33788pt x 201.01476pt.
 [11

 <C:/Users/ecestudent/Documents/Git/RapidSmith2/doc/TechReportAndDocumentation_
files/tiles.pdf>]
[12 <C:/Users/ecestudent/Documents/Git/RapidSmith2/doc/TechReportAndDocumentati
on_files/site.pdf> <C:/Users/ecestudent/Documents/Git/RapidSmith2/doc/TechRepor
tAndDocumentation_files/subsite.pdf>]
<./TechReportAndDocumentation_files/pipExample.pdf, id=409, 305.96309pt x 406.6
663pt>
File: ./TechReportAndDocumentation_files/pipExample.pdf Graphic file (type pdf)

 <use ./TechReportAndDocumentation_files/pipExample.pdf>
Package pdftex.def Info: ./TechReportAndDocumentation_files/pipExample.pdf used
 on input line 687.
(pdftex.def)             Requested size: 211.3883pt x 280.96616pt.
Package epstopdf Info: Source file: <./TechReportAndDocumentation_files/deviceD
S.eps>
(epstopdf)                    date: 2017-01-30 13:50:16
(epstopdf)                    size: 16531 bytes
(epstopdf)             Output file: <./TechReportAndDocumentation_files/deviceD
S-eps-converted-to.pdf>
(epstopdf)                    date: 2017-01-30 13:50:16
(epstopdf)                    size: 4210 bytes
(epstopdf)             Command: <epstopdf --outfile=./TechReportAndDocumentatio
n_files/deviceDS-eps-converted-to.pdf ./TechReportAndDocumentation_files/device
DS.eps>
(epstopdf)             \includegraphics on input line 706.
Package epstopdf Info: Output file is already uptodate.

<./TechReportAndDocumentation_files/deviceDS-eps-converted-to.pdf, id=411, 823.
075pt x 413.545pt>
File: ./TechReportAndDocumentation_files/deviceDS-eps-converted-to.pdf Graphic 
file (type pdf)

<use ./TechReportAndDocumentation_files/deviceDS-eps-converted-to.pdf>
Package pdftex.def Info: ./TechReportAndDocumentation_files/deviceDS-eps-conver
ted-to.pdf used on input line 706.
(pdftex.def)             Requested size: 469.75499pt x 236.02597pt.
 [13 <C:/Users/ecestudent/Documents/Git/RapidSmith2/doc/TechReportAndDocumentat
ion_files/pipExample.pdf>] [14 <C:/Users/ecestudent/Documents/Git/RapidSmith2/d
oc/TechReportAndDocumentation_files/deviceDS-eps-converted-to.pdf>]
<./TechReportAndDocumentation_files/xdlrcTile.pdf, id=442, 92.85078pt x 11.6655
9pt>
File: ./TechReportAndDocumentation_files/xdlrcTile.pdf Graphic file (type pdf)
 <use ./TechReportAndDocumentation_files/xdlrcTile.pdf>
Package pdftex.def Info: ./TechReportAndDocumentation_files/xdlrcTile.pdf used 
on input line 802.
(pdftex.def)             Requested size: 469.75499pt x 59.02316pt.

<./TechReportAndDocumentation_files/xdlrcSite.pdf, id=444, 558.64508pt x 115.19
235pt>
File: ./TechReportAndDocumentation_files/xdlrcSite.pdf Graphic file (type pdf)
 <use ./TechReportAndDocumentation_files/xdlrcSite.pdf>
Package pdftex.def Info: ./TechReportAndDocumentation_files/xdlrcSite.pdf used 
on input line 825.
(pdftex.def)             Requested size: 469.75499pt x 96.86635pt.
 [15 <C:/Users/ecestudent/Documents/Git/RapidSmith2/doc/TechReportAndDocumentat
ion_files/xdlrcTile.pdf>]
<./TechReportAndDocumentation_files/xdlrcWire.pdf, id=459, 557.13945pt x 113.68
674pt>
File: ./TechReportAndDocumentation_files/xdlrcWire.pdf Graphic file (type pdf)
 <use ./TechReportAndDocumentation_files/xdlrcWire.pdf>
Package pdftex.def Info: ./TechReportAndDocumentation_files/xdlrcWire.pdf used 
on input line 846.
(pdftex.def)             Requested size: 469.75499pt x 95.85701pt.

<./TechReportAndDocumentation_files/xdlrcPip.pdf, id=462, 557.13945pt x 31.6214
4pt>
File: ./TechReportAndDocumentation_files/xdlrcPip.pdf Graphic file (type pdf)
 <use ./TechReportAndDocumentation_files/xdlrcPip.pdf>
Package pdftex.def Info: ./TechReportAndDocumentation_files/xdlrcPip.pdf used o
n input line 871.
(pdftex.def)             Requested size: 469.75499pt x 26.66217pt.
Missing character: There is no ‚ in font ptmr7t!
Missing character: There is no Ä in font ptmr7t!
Missing character: There is no ú in font ptmr7t!
Missing character: There is no ‚ in font ptmr7t!
Missing character: There is no Ä in font ptmr7t!
Missing character: There is no ù in font ptmr7t!
 [16 <C:/Users/ecestudent/Documents/Git/RapidSmith2/doc/TechReportAndDocumentat
ion_files/xdlrcSite.pdf> <C:/Users/ecestudent/Documents/Git/RapidSmith2/doc/Tec
hReportAndDocumentation_files/xdlrcWire.pdf> <C:/Users/ecestudent/Documents/Git
/RapidSmith2/doc/TechReportAndDocumentation_files/xdlrcPip.pdf>]
<./TechReportAndDocumentation_files/xdlrcDef.pdf, id=490, 762.67834pt x 328.260
38pt>
File: ./TechReportAndDocumentation_files/xdlrcDef.pdf Graphic file (type pdf)
 <use ./TechReportAndDocumentation_files/xdlrcDef.pdf>
Package pdftex.def Info: ./TechReportAndDocumentation_files/xdlrcDef.pdf used o
n input line 904.
(pdftex.def)             Requested size: 469.75499pt x 202.18697pt.
 [17 <C:/Users/ecestudent/Documents/Git/RapidSmith2/doc/TechReportAndDocumentat
ion_files/xdlrcDef.pdf>]
<./TechReportAndDocumentation_files/schematic.png, id=505, 802.6788pt x 301.606
8pt>
File: ./TechReportAndDocumentation_files/schematic.png Graphic file (type png)
 <use ./TechReportAndDocumentation_files/schematic.png>
Package pdftex.def Info: ./TechReportAndDocumentation_files/schematic.png used 
on input line 932.
(pdftex.def)             Requested size: 469.75499pt x 176.51059pt.
 [18 <C:/Users/ecestudent/Documents/Git/RapidSmith2/doc/TechReportAndDocumentat
ion_files/schematic.png>]
Package epstopdf Info: Source file: <./TechReportAndDocumentation_files/designD
S.eps>
(epstopdf)                    date: 2017-01-30 13:50:16
(epstopdf)                    size: 12652 bytes
(epstopdf)             Output file: <./TechReportAndDocumentation_files/designD
S-eps-converted-to.pdf>
(epstopdf)                    date: 2017-01-30 13:50:16
(epstopdf)                    size: 3847 bytes
(epstopdf)             Command: <epstopdf --outfile=./TechReportAndDocumentatio
n_files/designDS-eps-converted-to.pdf ./TechReportAndDocumentation_files/design
DS.eps>
(epstopdf)             \includegraphics on input line 985.
Package epstopdf Info: Output file is already uptodate.

<./TechReportAndDocumentation_files/designDS-eps-converted-to.pdf, id=517, 427.
5975pt x 337.26pt>
File: ./TechReportAndDocumentation_files/designDS-eps-converted-to.pdf Graphic 
file (type pdf)

<use ./TechReportAndDocumentation_files/designDS-eps-converted-to.pdf>
Package pdftex.def Info: ./TechReportAndDocumentation_files/designDS-eps-conver
ted-to.pdf used on input line 985.
(pdftex.def)             Requested size: 281.85585pt x 222.30923pt.
LaTeX Font Info:    Font shape `OT1/pcr/bx/n' in size <10> not available
(Font)              Font shape `OT1/pcr/b/n' tried instead on input line 1014.
 [19 <C:/Users/ecestudent/Documents/Git/RapidSmith2/doc/TechReportAndDocumentat
ion_files/designDS-eps-converted-to.pdf>]
<./TechReportAndDocumentation_files/pseudoPin.png, id=539, 330.5148pt x 235.600
2pt>
File: ./TechReportAndDocumentation_files/pseudoPin.png Graphic file (type png)
 <use ./TechReportAndDocumentation_files/pseudoPin.png>
Package pdftex.def Info: ./TechReportAndDocumentation_files/pseudoPin.png used 
on input line 1084.
(pdftex.def)             Requested size: 234.87749pt x 167.43188pt.
 [20 <C:/Users/ecestudent/Documents/Git/RapidSmith2/doc/TechReportAndDocumentat
ion_files/pseudoPin.png>] [21]
<./TechReportAndDocumentation_files/staticNetSources.png, id=557, 415.7934pt x 
477.4638pt>
File: ./TechReportAndDocumentation_files/staticNetSources.png Graphic file (typ
e png)
 <use ./TechReportAndDocumentation_files/staticNetSources.png>
Package pdftex.def Info: ./TechReportAndDocumentation_files/staticNetSources.pn
g used on input line 1188.
(pdftex.def)             Requested size: 234.87749pt x 269.71655pt.

<./TechReportAndDocumentation_files/iobNet.png, id=560, 465.99094pt x 418.56375
pt>
File: ./TechReportAndDocumentation_files/iobNet.png Graphic file (type png)
 <use ./TechReportAndDocumentation_files/iobNet.png>
Package pdftex.def Info: ./TechReportAndDocumentation_files/iobNet.png used on 
input line 1213.
(pdftex.def)             Requested size: 234.87749pt x 210.97385pt.
 [22 <C:/Users/ecestudent/Documents/Git/RapidSmith2/doc/TechReportAndDocumentat
ion_files/staticNetSources.png>]
<./TechReportAndDocumentation_files/interVsIntra.png, id=569, 597.9138pt x 244.
7544pt>
File: ./TechReportAndDocumentation_files/interVsIntra.png Graphic file (type pn
g)
 <use ./TechReportAndDocumentation_files/interVsIntra.png>
Package pdftex.def Info: ./TechReportAndDocumentation_files/interVsIntra.png us
ed on input line 1229.
(pdftex.def)             Requested size: 422.77661pt x 173.0635pt.
 [23 <C:/Users/ecestudent/Documents/Git/RapidSmith2/doc/TechReportAndDocumentat
ion_files/iobNet.png> <C:/Users/ecestudent/Documents/Git/RapidSmith2/doc/TechRe
portAndDocumentation_files/interVsIntra.png>] [24]
<./TechReportAndDocumentation_files/cellLibHandEdit.png, id=586, 375.65344pt x 
93.34875pt>
File: ./TechReportAndDocumentation_files/cellLibHandEdit.png Graphic file (type
 png)
 <use ./TechReportAndDocumentation_files/cellLibHandEdit.png>
Package pdftex.def Info: ./TechReportAndDocumentation_files/cellLibHandEdit.png
 used on input line 1358.
(pdftex.def)             Requested size: 422.77661pt x 105.06549pt.

[25 <C:/Users/ecestudent/Documents/Git/RapidSmith2/doc/TechReportAndDocumentati
on_files/cellLibHandEdit.png>]
Package hyperref Info: bookmark level for unknown lstlisting defaults to 0 on i
nput line 1390.

<./TechReportAndDocumentation_files/lutPins.png, id=603, 784.3704pt x 286.671pt
>
File: ./TechReportAndDocumentation_files/lutPins.png Graphic file (type png)
 <use ./TechReportAndDocumentation_files/lutPins.png>
Package pdftex.def Info: ./TechReportAndDocumentation_files/lutPins.png used on
 input line 1445.
(pdftex.def)             Requested size: 469.75499pt x 171.68896pt.

Overfull \hbox (0.55167pt too wide) in paragraph at lines 1453--1466
[][]\OT1/ptm/m/n/10 Logical-to-physical pin map-pings can change \OT1/ptm/b/n/1
0 based on how a cell is con-fig-ured\OT1/ptm/m/n/10 . For ex-am-ple, on a RAMB
36E1
 []

[26] ("C:\Program Files (x86)\MiKTeX 2.9\tex\latex\listings\lstlang1.sty"
File: lstlang1.sty 2015/06/04 1.6 listings language file
)
("C:\Program Files (x86)\MiKTeX 2.9\tex\latex\listings\lstlang2.sty"
File: lstlang2.sty 2015/06/04 1.6 listings language file
) [27 <C:/Users/ecestudent/Documents/Git/RapidSmith2/doc/TechReportAndDocumenta
tion_files/lutPins.png>]
<./TechReportAndDocumentation_files/wireFigure.pdf, id=654, 403.6379pt x 117.50
52pt>
File: ./TechReportAndDocumentation_files/wireFigure.pdf Graphic file (type pdf)

 <use ./TechReportAndDocumentation_files/wireFigure.pdf>
Package pdftex.def Info: ./TechReportAndDocumentation_files/wireFigure.pdf used
 on input line 1546.
(pdftex.def)             Requested size: 375.80542pt x 109.4042pt.
 [28 <C:/Users/ecestudent/Documents/Git/RapidSmith2/doc/TechReportAndDocumentat
ion_files/wireFigure.pdf>] [29]
Package epstopdf Info: Source file: <./TechReportAndDocumentation_files/routeTr
eeDS.eps>
(epstopdf)                    date: 2017-01-30 14:06:25
(epstopdf)                    size: 12241 bytes
(epstopdf)             Output file: <./TechReportAndDocumentation_files/routeTr
eeDS-eps-converted-to.pdf>
(epstopdf)                    date: 2017-01-30 14:06:45
(epstopdf)                    size: 3451 bytes
(epstopdf)             Command: <epstopdf --outfile=./TechReportAndDocumentatio
n_files/routeTreeDS-eps-converted-to.pdf ./TechReportAndDocumentation_files/rou
teTreeDS.eps>
(epstopdf)             \includegraphics on input line 1678.
Package epstopdf Info: Output file is already uptodate.

<./TechReportAndDocumentation_files/routeTreeDS-eps-converted-to.pdf, id=711, 6
45.41125pt x 372.39125pt>
File: ./TechReportAndDocumentation_files/routeTreeDS-eps-converted-to.pdf Graph
ic file (type pdf)

<use ./TechReportAndDocumentation_files/routeTreeDS-eps-converted-to.pdf>
Package pdftex.def Info: ./TechReportAndDocumentation_files/routeTreeDS-eps-con
verted-to.pdf used on input line 1678.
(pdftex.def)             Requested size: 375.80542pt x 216.83372pt.

[30 <C:/Users/ecestudent/Documents/Git/RapidSmith2/doc/TechReportAndDocumentati
on_files/routeTreeDS-eps-converted-to.pdf>]
Package epstopdf Info: Source file: <./TechReportAndDocumentation_files/routeTr
ee.eps>
(epstopdf)                    date: 2017-01-30 14:13:13
(epstopdf)                    size: 13189 bytes
(epstopdf)             Output file: <./TechReportAndDocumentation_files/routeTr
ee-eps-converted-to.pdf>
(epstopdf)                    date: 2017-01-30 14:13:50
(epstopdf)                    size: 4665 bytes
(epstopdf)             Command: <epstopdf --outfile=./TechReportAndDocumentatio
n_files/routeTree-eps-converted-to.pdf ./TechReportAndDocumentation_files/route
Tree.eps>
(epstopdf)             \includegraphics on input line 1710.
Package epstopdf Info: Output file is already uptodate.

<./TechReportAndDocumentation_files/routeTree-eps-converted-to.pdf, id=741, 625
.33624pt x 911.405pt>
File: ./TechReportAndDocumentation_files/routeTree-eps-converted-to.pdf Graphic
 file (type pdf)

<use ./TechReportAndDocumentation_files/routeTree-eps-converted-to.pdf>
Package pdftex.def Info: ./TechReportAndDocumentation_files/routeTree-eps-conve
rted-to.pdf used on input line 1710.
(pdftex.def)             Requested size: 305.33788pt x 445.02087pt.

[31 <C:/Users/ecestudent/Documents/Git/RapidSmith2/doc/TechReportAndDocumentati
on_files/routeTree-eps-converted-to.pdf>]
<./TechReportAndDocumentation_files/threePartRouting.png, id=755, 685.1196pt x 
431.6928pt>
File: ./TechReportAndDocumentation_files/threePartRouting.png Graphic file (typ
e png)
 <use ./TechReportAndDocumentation_files/threePartRouting.png>
Package pdftex.def Info: ./TechReportAndDocumentation_files/threePartRouting.pn
g used on input line 1788.
(pdftex.def)             Requested size: 469.75499pt x 295.99762pt.

[32] [33 <C:/Users/ecestudent/Documents/Git/RapidSmith2/doc/TechReportAndDocume
ntation_files/threePartRouting.png>] [34] [35] [36] [37]
<./TechReportAndDocumentation_files/routethroughs.pdf, id=959, 598.43576pt x 18
8.39684pt>
File: ./TechReportAndDocumentation_files/routethroughs.pdf Graphic file (type p
df)
 <use ./TechReportAndDocumentation_files/routethroughs.pdf>
Package pdftex.def Info: ./TechReportAndDocumentation_files/routethroughs.pdf u
sed on input line 2103.
(pdftex.def)             Requested size: 469.75499pt x 147.89183pt.

<./TechReportAndDocumentation_files/staticSourceLut.png, id=962, 311.7246pt x 2
47.6452pt>
File: ./TechReportAndDocumentation_files/staticSourceLut.png Graphic file (type
 png)
 <use ./TechReportAndDocumentation_files/staticSourceLut.png>
Package pdftex.def Info: ./TechReportAndDocumentation_files/staticSourceLut.png
 used on input line 2143.
(pdftex.def)             Requested size: 234.87749pt x 186.59499pt.


LaTeX Warning: `h' float specifier changed to `ht'.

[38 <C:/Users/ecestudent/Documents/Git/RapidSmith2/doc/TechReportAndDocumentati
on_files/routethroughs.pdf>] [39 <C:/Users/ecestudent/Documents/Git/RapidSmith2
/doc/TechReportAndDocumentation_files/staticSourceLut.png>]
<./TechReportAndDocumentation_files/deviceBrowser2.jpg, id=1004, 530.73282pt x 
419.31656pt>
File: ./TechReportAndDocumentation_files/deviceBrowser2.jpg Graphic file (type 
jpg)
 <use ./TechReportAndDocumentation_files/deviceBrowser2.jpg>
Package pdftex.def Info: ./TechReportAndDocumentation_files/deviceBrowser2.jpg 
used on input line 2257.
(pdftex.def)             Requested size: 375.80542pt x 296.91705pt.

[40]
LaTeX Font Info:    Font shape `OT1/ptm/bx/sl' in size <10> not available
(Font)              Font shape `OT1/ptm/b/sl' tried instead on input line 2305.

 [41 <C:/Users/ecestudent/Documents/Git/RapidSmith2/doc/TechReportAndDocumentat
ion_files/deviceBrowser2.jpg>] [42] [43] [44] [45]

LaTeX Warning: Hyper reference `http://www.apache.org/licenses/LICENSE-2.0' on 
page 46 undefined on input line 2384.


LaTeX Warning: Hyper reference `http://hessian.caucho.com' on page 46 undefined
 on input line 2390.


LaTeX Warning: Hyper reference `http://www.gnu.org/licenses/licenses.html' on p
age 46 undefined on input line 2399.


LaTeX Warning: Hyper reference `http://qtjambi.org/downloads' on page 46 undefi
ned on input line 2405.


LaTeX Warning: Hyper reference `https://sourceforge.net/projects/qtjambi/files/
' on page 46 undefined on input line 2408.


LaTeX Warning: Hyper reference `http://www.opensource.org/licenses/mit-license.
php' on page 46 undefined on input line 2416.


LaTeX Warning: Hyper reference `http://jopt-simple.sourceforge.net/download.htm
l' on page 46 undefined on input line 2422.

Package atveryend Info: Empty hook `BeforeClearDocument' on input line 2440.
[46]
Package atveryend Info: Empty hook `AfterLastShipout' on input line 2440.
 (C:\Users\ecestudent\Documents\Git\RapidSmith2\doc\TechReport.aux)
Package atveryend Info: Executing hook `AtVeryEndDocument' on input line 2440.
Package atveryend Info: Executing hook `AtEndAfterFileList' on input line 2440.

Package rerunfilecheck Info: File `TechReport.out' has not changed.
(rerunfilecheck)             Checksum: 20F131BD9B0AA03EC276482FF242D353;3210.


LaTeX Warning: There were undefined references.

Package atveryend Info: Empty hook `AtVeryVeryEnd' on input line 2440.
 ) 
Here is how much of TeX's memory you used:
 10490 strings out of 493921
 159524 string characters out of 3144860
 293255 words of memory out of 3000000
 13179 multiletter control sequences out of 15000+200000
 39249 words of font info for 79 fonts, out of 3000000 for 9000
 841 hyphenation exceptions out of 8191
 42i,13n,43p,4806b,1738s stack positions out of 5000i,500n,10000p,200000b,50000s
{C:/Program Files (x86)/MiKTeX 2.9/fonts/enc/dvips/fontname/8r.enc}<C:/Progra
m Files (x86)/MiKTeX 2.9/fonts/type1/public/amsfonts/cm/cmmi10.pfb><C:/Program 
Files (x86)/MiKTeX 2.9/fonts/type1/public/amsfonts/cm/cmr10.pfb><C:/Program Fil
es (x86)/MiKTeX 2.9/fonts/type1/public/amsfonts/cm/cmsy10.pfb><C:/Program Files
 (x86)/MiKTeX 2.9/fonts/type1/public/amsfonts/cm/cmsy6.pfb><C:/Program Files (x
86)/MiKTeX 2.9/fonts/type1/public/amsfonts/cm/cmsy8.pfb><C:/Program Files (x86)
/MiKTeX 2.9/fonts/type1/urw/courier/ucrb8a.pfb><C:/Program Files (x86)/MiKTeX 2
.9/fonts/type1/urw/courier/ucrr8a.pfb><C:/Program Files (x86)/MiKTeX 2.9/fonts/
type1/urw/times/utmb8a.pfb><C:/Program Files (x86)/MiKTeX 2.9/fonts/type1/urw/t
imes/utmb8a.pfb><C:/Program Files (x86)/MiKTeX 2.9/fonts/type1/urw/times/utmr8a
.pfb><C:/Program Files (x86)/MiKTeX 2.9/fonts/type1/urw/times/utmr8a.pfb><C:/Pr
ogram Files (x86)/MiKTeX 2.9/fonts/type1/urw/times/utmri8a.pfb>
Output written on TechReport.pdf (46 pages, 1802090 bytes).
PDF statistics:
 1167 PDF objects out of 1200 (max. 8388607)
 437 named destinations out of 1000 (max. 500000)
 525 words of extra memory for PDF output out of 10000 (max. 10000000)

